[2021-11-25 22:21:05,456] DEBUG in urllib3.connectionpool: Starting new HTTP connection (1): localhost:5000
[2021-11-25 22:21:05,458] DEBUG in urllib3.connectionpool: http://localhost:5000 "POST /register-instance/ HTTP/1.1" 409 19
[2021-11-25 22:21:05,463] DEBUG in boto3.resources.action: Calling dynamodb:put_item with {'TableName': 'polls', 'Item': {'poll_id': 1, 'created_by': 'vinhtran', 'question': 'Which OS are you using?', 'responses': ['MacOS', 'Windows', 'Linux'], 'voted_users': {'MacOS': [], 'Windows': [], 'Linux': []}, 'voted_counts': {'MacOS': 0, 'Windows': 0, 'Linux': 0}}, 'ConditionExpression': 'attribute_not_exists(poll_id)'}
[2021-11-25 22:21:05,464] DEBUG in botocore.hooks: Event provide-client-params.dynamodb.PutItem: calling handler <function copy_dynamodb_params at 0x7fd7cc30be50>
[2021-11-25 22:21:05,464] DEBUG in botocore.hooks: Event before-parameter-build.dynamodb.PutItem: calling handler <bound method TransformationInjector.inject_condition_expressions of <boto3.dynamodb.transform.TransformationInjector object at 0x7fd7cc2ef7c0>>
[2021-11-25 22:21:05,464] DEBUG in botocore.hooks: Event before-parameter-build.dynamodb.PutItem: calling handler <bound method TransformationInjector.inject_attribute_value_input of <boto3.dynamodb.transform.TransformationInjector object at 0x7fd7cc2ef7c0>>
[2021-11-25 22:21:05,465] DEBUG in botocore.hooks: Event before-parameter-build.dynamodb.PutItem: calling handler <function generate_idempotent_uuid at 0x7fd7cc6f73a0>
[2021-11-25 22:21:05,465] DEBUG in botocore.hooks: Event before-call.dynamodb.PutItem: calling handler <function inject_api_version_header_if_needed at 0x7fd7cc6fbe50>
[2021-11-25 22:21:05,466] DEBUG in botocore.endpoint: Making request for OperationModel(name=PutItem) with params: {'url_path': '/', 'query_string': '', 'method': 'POST', 'headers': {'X-Amz-Target': 'DynamoDB_20120810.PutItem', 'Content-Type': 'application/x-amz-json-1.0', 'User-Agent': 'Boto3/1.9.253 Python/3.8.10 Linux/5.11.0-40-generic Botocore/1.16.19 Resource'}, 'body': b'{"TableName": "polls", "Item": {"poll_id": {"N": "1"}, "created_by": {"S": "vinhtran"}, "question": {"S": "Which OS are you using?"}, "responses": {"L": [{"S": "MacOS"}, {"S": "Windows"}, {"S": "Linux"}]}, "voted_users": {"M": {"MacOS": {"L": []}, "Windows": {"L": []}, "Linux": {"L": []}}}, "voted_counts": {"M": {"MacOS": {"N": "0"}, "Windows": {"N": "0"}, "Linux": {"N": "0"}}}}, "ConditionExpression": "attribute_not_exists(poll_id)"}', 'url': 'http://localhost:8000/', 'context': {'client_region': 'us-west-2', 'client_config': <botocore.config.Config object at 0x7fd7cc332d30>, 'has_streaming_input': False, 'auth_type': None}}
[2021-11-25 22:21:05,466] DEBUG in botocore.hooks: Event request-created.dynamodb.PutItem: calling handler <bound method RequestSigner.handler of <botocore.signers.RequestSigner object at 0x7fd7cc332ca0>>
[2021-11-25 22:21:05,466] DEBUG in botocore.hooks: Event choose-signer.dynamodb.PutItem: calling handler <function set_operation_specific_signer at 0x7fd7cc6f7280>
[2021-11-25 22:21:05,468] DEBUG in botocore.auth: Calculating signature using v4 auth.
[2021-11-25 22:21:05,468] DEBUG in botocore.auth: CanonicalRequest:
POST
/

content-type:application/x-amz-json-1.0
host:localhost:8000
x-amz-date:20211126T062105Z
x-amz-target:DynamoDB_20120810.PutItem

content-type;host;x-amz-date;x-amz-target
b178bc0e51d7aa374298b780dc8c6ba0268646049d5d3ab62d240a2fed39ebab
[2021-11-25 22:21:05,469] DEBUG in botocore.auth: StringToSign:
AWS4-HMAC-SHA256
20211126T062105Z
20211126/us-west-2/dynamodb/aws4_request
ef56e15c144f98fce34dee0eca669cefddfcd5e7c3429162bfc6c179be5b5c45
[2021-11-25 22:21:05,469] DEBUG in botocore.auth: Signature:
8ca9682e50101975c1bfa65c422fc34462f1853ec7d152351f7d4dea264764e3
[2021-11-25 22:21:05,470] DEBUG in botocore.endpoint: Sending http request: <AWSPreparedRequest stream_output=False, method=POST, url=http://localhost:8000/, headers={'X-Amz-Target': b'DynamoDB_20120810.PutItem', 'Content-Type': b'application/x-amz-json-1.0', 'User-Agent': b'Boto3/1.9.253 Python/3.8.10 Linux/5.11.0-40-generic Botocore/1.16.19 Resource', 'X-Amz-Date': b'20211126T062105Z', 'Authorization': b'AWS4-HMAC-SHA256 Credential=fakeMyKeyId/20211126/us-west-2/dynamodb/aws4_request, SignedHeaders=content-type;host;x-amz-date;x-amz-target, Signature=8ca9682e50101975c1bfa65c422fc34462f1853ec7d152351f7d4dea264764e3', 'Content-Length': '438'}>
[2021-11-25 22:21:05,470] DEBUG in urllib3.connectionpool: Starting new HTTP connection (1): localhost:8000
[2021-11-25 22:21:06,403] DEBUG in urllib3.connectionpool: http://localhost:8000 "POST / HTTP/1.1" 200 2
[2021-11-25 22:21:06,403] DEBUG in botocore.parsers: Response headers: {'Date': 'Fri, 26 Nov 2021 06:21:05 GMT', 'Content-Type': 'application/x-amz-json-1.0', 'x-amz-crc32': '2745614147', 'x-amzn-RequestId': 'f1d56a88-9a98-47b6-87da-3fe0cc92b8f3', 'Content-Length': '2', 'Server': 'Jetty(9.4.18.v20190429)'}
[2021-11-25 22:21:06,403] DEBUG in botocore.parsers: Response body:
b'{}'
[2021-11-25 22:21:06,404] DEBUG in botocore.hooks: Event needs-retry.dynamodb.PutItem: calling handler <botocore.retryhandler.RetryHandler object at 0x7fd7cc3577c0>
[2021-11-25 22:21:06,404] DEBUG in botocore.retryhandler: No retry needed.
[2021-11-25 22:21:06,404] DEBUG in botocore.hooks: Event after-call.dynamodb.PutItem: calling handler <bound method TransformationInjector.inject_attribute_value_output of <boto3.dynamodb.transform.TransformationInjector object at 0x7fd7cc2ef7c0>>
[2021-11-25 22:21:06,404] DEBUG in boto3.resources.action: Response: {'ResponseMetadata': {'RequestId': 'f1d56a88-9a98-47b6-87da-3fe0cc92b8f3', 'HTTPStatusCode': 200, 'HTTPHeaders': {'date': 'Fri, 26 Nov 2021 06:21:05 GMT', 'content-type': 'application/x-amz-json-1.0', 'x-amz-crc32': '2745614147', 'x-amzn-requestid': 'f1d56a88-9a98-47b6-87da-3fe0cc92b8f3', 'content-length': '2', 'server': 'Jetty(9.4.18.v20190429)'}, 'RetryAttempts': 0}}
[2021-11-25 22:23:56,000] DEBUG in boto3.resources.action: Calling dynamodb:get_item with {'TableName': 'polls', 'Key': {'poll_id': 1}}
[2021-11-25 22:23:56,001] DEBUG in botocore.hooks: Event provide-client-params.dynamodb.GetItem: calling handler <function copy_dynamodb_params at 0x7fd7cc30be50>
[2021-11-25 22:23:56,001] DEBUG in botocore.hooks: Event before-parameter-build.dynamodb.GetItem: calling handler <bound method TransformationInjector.inject_condition_expressions of <boto3.dynamodb.transform.TransformationInjector object at 0x7fd7cc2ef7c0>>
[2021-11-25 22:23:56,001] DEBUG in botocore.hooks: Event before-parameter-build.dynamodb.GetItem: calling handler <bound method TransformationInjector.inject_attribute_value_input of <boto3.dynamodb.transform.TransformationInjector object at 0x7fd7cc2ef7c0>>
[2021-11-25 22:23:56,001] DEBUG in botocore.hooks: Event before-parameter-build.dynamodb.GetItem: calling handler <function generate_idempotent_uuid at 0x7fd7cc6f73a0>
[2021-11-25 22:23:56,002] DEBUG in botocore.hooks: Event before-call.dynamodb.GetItem: calling handler <function inject_api_version_header_if_needed at 0x7fd7cc6fbe50>
[2021-11-25 22:23:56,002] DEBUG in botocore.endpoint: Making request for OperationModel(name=GetItem) with params: {'url_path': '/', 'query_string': '', 'method': 'POST', 'headers': {'X-Amz-Target': 'DynamoDB_20120810.GetItem', 'Content-Type': 'application/x-amz-json-1.0', 'User-Agent': 'Boto3/1.9.253 Python/3.8.10 Linux/5.11.0-40-generic Botocore/1.16.19 Resource'}, 'body': b'{"TableName": "polls", "Key": {"poll_id": {"N": "1"}}}', 'url': 'http://localhost:8000/', 'context': {'client_region': 'us-west-2', 'client_config': <botocore.config.Config object at 0x7fd7cc332d30>, 'has_streaming_input': False, 'auth_type': None}}
[2021-11-25 22:23:56,002] DEBUG in botocore.hooks: Event request-created.dynamodb.GetItem: calling handler <bound method RequestSigner.handler of <botocore.signers.RequestSigner object at 0x7fd7cc332ca0>>
[2021-11-25 22:23:56,002] DEBUG in botocore.hooks: Event choose-signer.dynamodb.GetItem: calling handler <function set_operation_specific_signer at 0x7fd7cc6f7280>
[2021-11-25 22:23:56,002] DEBUG in botocore.auth: Calculating signature using v4 auth.
[2021-11-25 22:23:56,002] DEBUG in botocore.auth: CanonicalRequest:
POST
/

content-type:application/x-amz-json-1.0
host:localhost:8000
x-amz-date:20211126T062356Z
x-amz-target:DynamoDB_20120810.GetItem

content-type;host;x-amz-date;x-amz-target
018c63eb3f418f6196de5e2c7326dfd644b58bf3b1960df3de65fd4d7a39660a
[2021-11-25 22:23:56,003] DEBUG in botocore.auth: StringToSign:
AWS4-HMAC-SHA256
20211126T062356Z
20211126/us-west-2/dynamodb/aws4_request
d8688dfd7e12f737b6547b38e6d02164b63d3f8b703077d72ea7e267ad98e7c1
[2021-11-25 22:23:56,003] DEBUG in botocore.auth: Signature:
306dcf231a4ac0608bc340c07a73186e0ea7b9448ea179da72af317cdca0bd27
[2021-11-25 22:23:56,003] DEBUG in botocore.endpoint: Sending http request: <AWSPreparedRequest stream_output=False, method=POST, url=http://localhost:8000/, headers={'X-Amz-Target': b'DynamoDB_20120810.GetItem', 'Content-Type': b'application/x-amz-json-1.0', 'User-Agent': b'Boto3/1.9.253 Python/3.8.10 Linux/5.11.0-40-generic Botocore/1.16.19 Resource', 'X-Amz-Date': b'20211126T062356Z', 'Authorization': b'AWS4-HMAC-SHA256 Credential=fakeMyKeyId/20211126/us-west-2/dynamodb/aws4_request, SignedHeaders=content-type;host;x-amz-date;x-amz-target, Signature=306dcf231a4ac0608bc340c07a73186e0ea7b9448ea179da72af317cdca0bd27', 'Content-Length': '54'}>
[2021-11-25 22:23:56,003] DEBUG in urllib3.connectionpool: Resetting dropped connection: localhost
[2021-11-25 22:23:56,047] DEBUG in urllib3.connectionpool: http://localhost:8000 "POST / HTTP/1.1" 200 321
[2021-11-25 22:23:56,048] DEBUG in botocore.parsers: Response headers: {'Date': 'Fri, 26 Nov 2021 06:23:56 GMT', 'Content-Type': 'application/x-amz-json-1.0', 'x-amz-crc32': '3154288660', 'x-amzn-RequestId': '10b3f7a3-e883-41dd-9a7e-49f4ea9ac0ef', 'Content-Length': '321', 'Server': 'Jetty(9.4.18.v20190429)'}
[2021-11-25 22:23:56,048] DEBUG in botocore.parsers: Response body:
b'{"Item":{"responses":{"L":[{"S":"MacOS"},{"S":"Windows"},{"S":"Linux"}]},"voted_counts":{"M":{"Linux":{"N":"0"},"MacOS":{"N":"0"},"Windows":{"N":"0"}}},"poll_id":{"N":"1"},"question":{"S":"Which OS are you using?"},"created_by":{"S":"vinhtran"},"voted_users":{"M":{"Linux":{"L":[]},"MacOS":{"L":[]},"Windows":{"L":[]}}}}}'
[2021-11-25 22:23:56,049] DEBUG in botocore.hooks: Event needs-retry.dynamodb.GetItem: calling handler <botocore.retryhandler.RetryHandler object at 0x7fd7cc3577c0>
[2021-11-25 22:23:56,049] DEBUG in botocore.retryhandler: No retry needed.
[2021-11-25 22:23:56,049] DEBUG in botocore.hooks: Event after-call.dynamodb.GetItem: calling handler <bound method TransformationInjector.inject_attribute_value_output of <boto3.dynamodb.transform.TransformationInjector object at 0x7fd7cc2ef7c0>>
[2021-11-25 22:23:56,049] DEBUG in boto3.resources.action: Response: {'Item': {'responses': ['MacOS', 'Windows', 'Linux'], 'voted_counts': {'Linux': Decimal('0'), 'MacOS': Decimal('0'), 'Windows': Decimal('0')}, 'poll_id': Decimal('1'), 'question': 'Which OS are you using?', 'created_by': 'vinhtran', 'voted_users': {'Linux': [], 'MacOS': [], 'Windows': []}}, 'ResponseMetadata': {'RequestId': '10b3f7a3-e883-41dd-9a7e-49f4ea9ac0ef', 'HTTPStatusCode': 200, 'HTTPHeaders': {'date': 'Fri, 26 Nov 2021 06:23:56 GMT', 'content-type': 'application/x-amz-json-1.0', 'x-amz-crc32': '3154288660', 'x-amzn-requestid': '10b3f7a3-e883-41dd-9a7e-49f4ea9ac0ef', 'content-length': '321', 'server': 'Jetty(9.4.18.v20190429)'}, 'RetryAttempts': 0}}
[2021-11-25 22:24:59,170] DEBUG in boto3.resources.action: Calling dynamodb:get_item with {'TableName': 'polls', 'Key': {'poll_id': 1}}
[2021-11-25 22:24:59,170] DEBUG in botocore.hooks: Event provide-client-params.dynamodb.GetItem: calling handler <function copy_dynamodb_params at 0x7fd7cc30be50>
[2021-11-25 22:24:59,171] DEBUG in botocore.hooks: Event before-parameter-build.dynamodb.GetItem: calling handler <bound method TransformationInjector.inject_condition_expressions of <boto3.dynamodb.transform.TransformationInjector object at 0x7fd7cc2ef7c0>>
[2021-11-25 22:24:59,171] DEBUG in botocore.hooks: Event before-parameter-build.dynamodb.GetItem: calling handler <bound method TransformationInjector.inject_attribute_value_input of <boto3.dynamodb.transform.TransformationInjector object at 0x7fd7cc2ef7c0>>
[2021-11-25 22:24:59,171] DEBUG in botocore.hooks: Event before-parameter-build.dynamodb.GetItem: calling handler <function generate_idempotent_uuid at 0x7fd7cc6f73a0>
[2021-11-25 22:24:59,171] DEBUG in botocore.hooks: Event before-call.dynamodb.GetItem: calling handler <function inject_api_version_header_if_needed at 0x7fd7cc6fbe50>
[2021-11-25 22:24:59,171] DEBUG in botocore.endpoint: Making request for OperationModel(name=GetItem) with params: {'url_path': '/', 'query_string': '', 'method': 'POST', 'headers': {'X-Amz-Target': 'DynamoDB_20120810.GetItem', 'Content-Type': 'application/x-amz-json-1.0', 'User-Agent': 'Boto3/1.9.253 Python/3.8.10 Linux/5.11.0-40-generic Botocore/1.16.19 Resource'}, 'body': b'{"TableName": "polls", "Key": {"poll_id": {"N": "1"}}}', 'url': 'http://localhost:8000/', 'context': {'client_region': 'us-west-2', 'client_config': <botocore.config.Config object at 0x7fd7cc332d30>, 'has_streaming_input': False, 'auth_type': None}}
[2021-11-25 22:24:59,171] DEBUG in botocore.hooks: Event request-created.dynamodb.GetItem: calling handler <bound method RequestSigner.handler of <botocore.signers.RequestSigner object at 0x7fd7cc332ca0>>
[2021-11-25 22:24:59,171] DEBUG in botocore.hooks: Event choose-signer.dynamodb.GetItem: calling handler <function set_operation_specific_signer at 0x7fd7cc6f7280>
[2021-11-25 22:24:59,171] DEBUG in botocore.auth: Calculating signature using v4 auth.
[2021-11-25 22:24:59,172] DEBUG in botocore.auth: CanonicalRequest:
POST
/

content-type:application/x-amz-json-1.0
host:localhost:8000
x-amz-date:20211126T062459Z
x-amz-target:DynamoDB_20120810.GetItem

content-type;host;x-amz-date;x-amz-target
018c63eb3f418f6196de5e2c7326dfd644b58bf3b1960df3de65fd4d7a39660a
[2021-11-25 22:24:59,172] DEBUG in botocore.auth: StringToSign:
AWS4-HMAC-SHA256
20211126T062459Z
20211126/us-west-2/dynamodb/aws4_request
60a4089e897c98fd0072a6c312a38c4e13a72d3da85eb1fe84fcd1e2d53947bf
[2021-11-25 22:24:59,172] DEBUG in botocore.auth: Signature:
a30cdd663dd9f5024d1e62aa63afd07cba620c88f16a3c611cc8a87b043091f3
[2021-11-25 22:24:59,172] DEBUG in botocore.endpoint: Sending http request: <AWSPreparedRequest stream_output=False, method=POST, url=http://localhost:8000/, headers={'X-Amz-Target': b'DynamoDB_20120810.GetItem', 'Content-Type': b'application/x-amz-json-1.0', 'User-Agent': b'Boto3/1.9.253 Python/3.8.10 Linux/5.11.0-40-generic Botocore/1.16.19 Resource', 'X-Amz-Date': b'20211126T062459Z', 'Authorization': b'AWS4-HMAC-SHA256 Credential=fakeMyKeyId/20211126/us-west-2/dynamodb/aws4_request, SignedHeaders=content-type;host;x-amz-date;x-amz-target, Signature=a30cdd663dd9f5024d1e62aa63afd07cba620c88f16a3c611cc8a87b043091f3', 'Content-Length': '54'}>
[2021-11-25 22:24:59,172] DEBUG in urllib3.connectionpool: Resetting dropped connection: localhost
[2021-11-25 22:24:59,191] DEBUG in urllib3.connectionpool: http://localhost:8000 "POST / HTTP/1.1" 200 321
[2021-11-25 22:24:59,191] DEBUG in botocore.parsers: Response headers: {'Date': 'Fri, 26 Nov 2021 06:24:59 GMT', 'Content-Type': 'application/x-amz-json-1.0', 'x-amz-crc32': '3154288660', 'x-amzn-RequestId': '3b49d919-526d-42c7-ac37-387cbc623286', 'Content-Length': '321', 'Server': 'Jetty(9.4.18.v20190429)'}
[2021-11-25 22:24:59,191] DEBUG in botocore.parsers: Response body:
b'{"Item":{"responses":{"L":[{"S":"MacOS"},{"S":"Windows"},{"S":"Linux"}]},"voted_counts":{"M":{"Linux":{"N":"0"},"MacOS":{"N":"0"},"Windows":{"N":"0"}}},"poll_id":{"N":"1"},"question":{"S":"Which OS are you using?"},"created_by":{"S":"vinhtran"},"voted_users":{"M":{"Linux":{"L":[]},"MacOS":{"L":[]},"Windows":{"L":[]}}}}}'
[2021-11-25 22:24:59,192] DEBUG in botocore.hooks: Event needs-retry.dynamodb.GetItem: calling handler <botocore.retryhandler.RetryHandler object at 0x7fd7cc3577c0>
[2021-11-25 22:24:59,194] DEBUG in botocore.retryhandler: No retry needed.
[2021-11-25 22:24:59,194] DEBUG in botocore.hooks: Event after-call.dynamodb.GetItem: calling handler <bound method TransformationInjector.inject_attribute_value_output of <boto3.dynamodb.transform.TransformationInjector object at 0x7fd7cc2ef7c0>>
[2021-11-25 22:24:59,194] DEBUG in boto3.resources.action: Response: {'Item': {'responses': ['MacOS', 'Windows', 'Linux'], 'voted_counts': {'Linux': Decimal('0'), 'MacOS': Decimal('0'), 'Windows': Decimal('0')}, 'poll_id': Decimal('1'), 'question': 'Which OS are you using?', 'created_by': 'vinhtran', 'voted_users': {'Linux': [], 'MacOS': [], 'Windows': []}}, 'ResponseMetadata': {'RequestId': '3b49d919-526d-42c7-ac37-387cbc623286', 'HTTPStatusCode': 200, 'HTTPHeaders': {'date': 'Fri, 26 Nov 2021 06:24:59 GMT', 'content-type': 'application/x-amz-json-1.0', 'x-amz-crc32': '3154288660', 'x-amzn-requestid': '3b49d919-526d-42c7-ac37-387cbc623286', 'content-length': '321', 'server': 'Jetty(9.4.18.v20190429)'}, 'RetryAttempts': 0}}
[2021-11-25 22:25:05,547] DEBUG in boto3.resources.action: Calling dynamodb:get_item with {'TableName': 'polls', 'Key': {'poll_id': 1}}
[2021-11-25 22:25:05,547] DEBUG in botocore.hooks: Event provide-client-params.dynamodb.GetItem: calling handler <function copy_dynamodb_params at 0x7fd7cc30be50>
[2021-11-25 22:25:05,547] DEBUG in botocore.hooks: Event before-parameter-build.dynamodb.GetItem: calling handler <bound method TransformationInjector.inject_condition_expressions of <boto3.dynamodb.transform.TransformationInjector object at 0x7fd7cc2ef7c0>>
[2021-11-25 22:25:05,548] DEBUG in botocore.hooks: Event before-parameter-build.dynamodb.GetItem: calling handler <bound method TransformationInjector.inject_attribute_value_input of <boto3.dynamodb.transform.TransformationInjector object at 0x7fd7cc2ef7c0>>
[2021-11-25 22:25:05,548] DEBUG in botocore.hooks: Event before-parameter-build.dynamodb.GetItem: calling handler <function generate_idempotent_uuid at 0x7fd7cc6f73a0>
[2021-11-25 22:25:05,548] DEBUG in botocore.hooks: Event before-call.dynamodb.GetItem: calling handler <function inject_api_version_header_if_needed at 0x7fd7cc6fbe50>
[2021-11-25 22:25:05,548] DEBUG in botocore.endpoint: Making request for OperationModel(name=GetItem) with params: {'url_path': '/', 'query_string': '', 'method': 'POST', 'headers': {'X-Amz-Target': 'DynamoDB_20120810.GetItem', 'Content-Type': 'application/x-amz-json-1.0', 'User-Agent': 'Boto3/1.9.253 Python/3.8.10 Linux/5.11.0-40-generic Botocore/1.16.19 Resource'}, 'body': b'{"TableName": "polls", "Key": {"poll_id": {"N": "1"}}}', 'url': 'http://localhost:8000/', 'context': {'client_region': 'us-west-2', 'client_config': <botocore.config.Config object at 0x7fd7cc332d30>, 'has_streaming_input': False, 'auth_type': None}}
[2021-11-25 22:25:05,548] DEBUG in botocore.hooks: Event request-created.dynamodb.GetItem: calling handler <bound method RequestSigner.handler of <botocore.signers.RequestSigner object at 0x7fd7cc332ca0>>
[2021-11-25 22:25:05,549] DEBUG in botocore.hooks: Event choose-signer.dynamodb.GetItem: calling handler <function set_operation_specific_signer at 0x7fd7cc6f7280>
[2021-11-25 22:25:05,549] DEBUG in botocore.auth: Calculating signature using v4 auth.
[2021-11-25 22:25:05,549] DEBUG in botocore.auth: CanonicalRequest:
POST
/

content-type:application/x-amz-json-1.0
host:localhost:8000
x-amz-date:20211126T062505Z
x-amz-target:DynamoDB_20120810.GetItem

content-type;host;x-amz-date;x-amz-target
018c63eb3f418f6196de5e2c7326dfd644b58bf3b1960df3de65fd4d7a39660a
[2021-11-25 22:25:05,549] DEBUG in botocore.auth: StringToSign:
AWS4-HMAC-SHA256
20211126T062505Z
20211126/us-west-2/dynamodb/aws4_request
343148e9e93aaf50e010519a1ba21aba332006af39256d3aca7c6916ca4d14be
[2021-11-25 22:25:05,550] DEBUG in botocore.auth: Signature:
4da3f535fe9805117ac72798239d57f33d0c66abbab30b1736537c6730756320
[2021-11-25 22:25:05,550] DEBUG in botocore.endpoint: Sending http request: <AWSPreparedRequest stream_output=False, method=POST, url=http://localhost:8000/, headers={'X-Amz-Target': b'DynamoDB_20120810.GetItem', 'Content-Type': b'application/x-amz-json-1.0', 'User-Agent': b'Boto3/1.9.253 Python/3.8.10 Linux/5.11.0-40-generic Botocore/1.16.19 Resource', 'X-Amz-Date': b'20211126T062505Z', 'Authorization': b'AWS4-HMAC-SHA256 Credential=fakeMyKeyId/20211126/us-west-2/dynamodb/aws4_request, SignedHeaders=content-type;host;x-amz-date;x-amz-target, Signature=4da3f535fe9805117ac72798239d57f33d0c66abbab30b1736537c6730756320', 'Content-Length': '54'}>
[2021-11-25 22:25:05,557] DEBUG in urllib3.connectionpool: http://localhost:8000 "POST / HTTP/1.1" 200 321
[2021-11-25 22:25:05,558] DEBUG in botocore.parsers: Response headers: {'Date': 'Fri, 26 Nov 2021 06:25:05 GMT', 'Content-Type': 'application/x-amz-json-1.0', 'x-amz-crc32': '3154288660', 'x-amzn-RequestId': '1e05a607-8e03-4efc-aec3-d94500abec77', 'Content-Length': '321', 'Server': 'Jetty(9.4.18.v20190429)'}
[2021-11-25 22:25:05,558] DEBUG in botocore.parsers: Response body:
b'{"Item":{"responses":{"L":[{"S":"MacOS"},{"S":"Windows"},{"S":"Linux"}]},"voted_counts":{"M":{"Linux":{"N":"0"},"MacOS":{"N":"0"},"Windows":{"N":"0"}}},"poll_id":{"N":"1"},"question":{"S":"Which OS are you using?"},"created_by":{"S":"vinhtran"},"voted_users":{"M":{"Linux":{"L":[]},"MacOS":{"L":[]},"Windows":{"L":[]}}}}}'
[2021-11-25 22:25:05,558] DEBUG in botocore.hooks: Event needs-retry.dynamodb.GetItem: calling handler <botocore.retryhandler.RetryHandler object at 0x7fd7cc3577c0>
[2021-11-25 22:25:05,561] DEBUG in botocore.retryhandler: No retry needed.
[2021-11-25 22:25:05,562] DEBUG in botocore.hooks: Event after-call.dynamodb.GetItem: calling handler <bound method TransformationInjector.inject_attribute_value_output of <boto3.dynamodb.transform.TransformationInjector object at 0x7fd7cc2ef7c0>>
[2021-11-25 22:25:05,562] DEBUG in boto3.resources.action: Response: {'Item': {'responses': ['MacOS', 'Windows', 'Linux'], 'voted_counts': {'Linux': Decimal('0'), 'MacOS': Decimal('0'), 'Windows': Decimal('0')}, 'poll_id': Decimal('1'), 'question': 'Which OS are you using?', 'created_by': 'vinhtran', 'voted_users': {'Linux': [], 'MacOS': [], 'Windows': []}}, 'ResponseMetadata': {'RequestId': '1e05a607-8e03-4efc-aec3-d94500abec77', 'HTTPStatusCode': 200, 'HTTPHeaders': {'date': 'Fri, 26 Nov 2021 06:25:05 GMT', 'content-type': 'application/x-amz-json-1.0', 'x-amz-crc32': '3154288660', 'x-amzn-requestid': '1e05a607-8e03-4efc-aec3-d94500abec77', 'content-length': '321', 'server': 'Jetty(9.4.18.v20190429)'}, 'RetryAttempts': 0}}
[2021-11-25 22:25:05,562] DEBUG in boto3.resources.action: Calling dynamodb:put_item with {'TableName': 'polls', 'Item': {'responses': ['MacOS', 'Windows', 'Linux'], 'voted_counts': {'Linux': Decimal('0'), 'MacOS': Decimal('1'), 'Windows': Decimal('0')}, 'poll_id': Decimal('1'), 'question': 'Which OS are you using?', 'created_by': 'vinhtran', 'voted_users': {'Linux': [], 'MacOS': ['vinhtran'], 'Windows': []}}}
[2021-11-25 22:25:05,563] DEBUG in botocore.hooks: Event provide-client-params.dynamodb.PutItem: calling handler <function copy_dynamodb_params at 0x7fd7cc30be50>
[2021-11-25 22:25:05,563] DEBUG in botocore.hooks: Event before-parameter-build.dynamodb.PutItem: calling handler <bound method TransformationInjector.inject_condition_expressions of <boto3.dynamodb.transform.TransformationInjector object at 0x7fd7cc2ef7c0>>
[2021-11-25 22:25:05,563] DEBUG in botocore.hooks: Event before-parameter-build.dynamodb.PutItem: calling handler <bound method TransformationInjector.inject_attribute_value_input of <boto3.dynamodb.transform.TransformationInjector object at 0x7fd7cc2ef7c0>>
[2021-11-25 22:25:05,564] DEBUG in botocore.hooks: Event before-parameter-build.dynamodb.PutItem: calling handler <function generate_idempotent_uuid at 0x7fd7cc6f73a0>
[2021-11-25 22:25:05,564] DEBUG in botocore.hooks: Event before-call.dynamodb.PutItem: calling handler <function inject_api_version_header_if_needed at 0x7fd7cc6fbe50>
[2021-11-25 22:25:05,564] DEBUG in botocore.endpoint: Making request for OperationModel(name=PutItem) with params: {'url_path': '/', 'query_string': '', 'method': 'POST', 'headers': {'X-Amz-Target': 'DynamoDB_20120810.PutItem', 'Content-Type': 'application/x-amz-json-1.0', 'User-Agent': 'Boto3/1.9.253 Python/3.8.10 Linux/5.11.0-40-generic Botocore/1.16.19 Resource'}, 'body': b'{"TableName": "polls", "Item": {"responses": {"L": [{"S": "MacOS"}, {"S": "Windows"}, {"S": "Linux"}]}, "voted_counts": {"M": {"Linux": {"N": "0"}, "MacOS": {"N": "1"}, "Windows": {"N": "0"}}}, "poll_id": {"N": "1"}, "question": {"S": "Which OS are you using?"}, "created_by": {"S": "vinhtran"}, "voted_users": {"M": {"Linux": {"L": []}, "MacOS": {"L": [{"S": "vinhtran"}]}, "Windows": {"L": []}}}}}', 'url': 'http://localhost:8000/', 'context': {'client_region': 'us-west-2', 'client_config': <botocore.config.Config object at 0x7fd7cc332d30>, 'has_streaming_input': False, 'auth_type': None}}
[2021-11-25 22:25:05,565] DEBUG in botocore.hooks: Event request-created.dynamodb.PutItem: calling handler <bound method RequestSigner.handler of <botocore.signers.RequestSigner object at 0x7fd7cc332ca0>>
[2021-11-25 22:25:05,565] DEBUG in botocore.hooks: Event choose-signer.dynamodb.PutItem: calling handler <function set_operation_specific_signer at 0x7fd7cc6f7280>
[2021-11-25 22:25:05,565] DEBUG in botocore.auth: Calculating signature using v4 auth.
[2021-11-25 22:25:05,565] DEBUG in botocore.auth: CanonicalRequest:
POST
/

content-type:application/x-amz-json-1.0
host:localhost:8000
x-amz-date:20211126T062505Z
x-amz-target:DynamoDB_20120810.PutItem

content-type;host;x-amz-date;x-amz-target
c66f0cecab1f4cf1608fbe3b261bce194708a731c45d4452373bcdc2275ddf84
[2021-11-25 22:25:05,566] DEBUG in botocore.auth: StringToSign:
AWS4-HMAC-SHA256
20211126T062505Z
20211126/us-west-2/dynamodb/aws4_request
289624ef7565fc26fb289d606e8242ae2d969126aa9665665d109dd6dbdc509a
[2021-11-25 22:25:05,567] DEBUG in botocore.auth: Signature:
32cd98121b999537f0c1f18112fc7cf8863b70a2fdeb59fe7d7886cb0032a8ea
[2021-11-25 22:25:05,567] DEBUG in botocore.endpoint: Sending http request: <AWSPreparedRequest stream_output=False, method=POST, url=http://localhost:8000/, headers={'X-Amz-Target': b'DynamoDB_20120810.PutItem', 'Content-Type': b'application/x-amz-json-1.0', 'User-Agent': b'Boto3/1.9.253 Python/3.8.10 Linux/5.11.0-40-generic Botocore/1.16.19 Resource', 'X-Amz-Date': b'20211126T062505Z', 'Authorization': b'AWS4-HMAC-SHA256 Credential=fakeMyKeyId/20211126/us-west-2/dynamodb/aws4_request, SignedHeaders=content-type;host;x-amz-date;x-amz-target, Signature=32cd98121b999537f0c1f18112fc7cf8863b70a2fdeb59fe7d7886cb0032a8ea', 'Content-Length': '399'}>
[2021-11-25 22:25:05,607] DEBUG in urllib3.connectionpool: http://localhost:8000 "POST / HTTP/1.1" 200 2
[2021-11-25 22:25:05,608] DEBUG in botocore.parsers: Response headers: {'Date': 'Fri, 26 Nov 2021 06:25:05 GMT', 'Content-Type': 'application/x-amz-json-1.0', 'x-amz-crc32': '2745614147', 'x-amzn-RequestId': '74b6450d-e537-4c10-a65d-383d35d55332', 'Content-Length': '2', 'Server': 'Jetty(9.4.18.v20190429)'}
[2021-11-25 22:25:05,608] DEBUG in botocore.parsers: Response body:
b'{}'
[2021-11-25 22:25:05,608] DEBUG in botocore.hooks: Event needs-retry.dynamodb.PutItem: calling handler <botocore.retryhandler.RetryHandler object at 0x7fd7cc3577c0>
[2021-11-25 22:25:05,609] DEBUG in botocore.retryhandler: No retry needed.
[2021-11-25 22:25:05,609] DEBUG in botocore.hooks: Event after-call.dynamodb.PutItem: calling handler <bound method TransformationInjector.inject_attribute_value_output of <boto3.dynamodb.transform.TransformationInjector object at 0x7fd7cc2ef7c0>>
[2021-11-25 22:25:05,609] DEBUG in boto3.resources.action: Response: {'ResponseMetadata': {'RequestId': '74b6450d-e537-4c10-a65d-383d35d55332', 'HTTPStatusCode': 200, 'HTTPHeaders': {'date': 'Fri, 26 Nov 2021 06:25:05 GMT', 'content-type': 'application/x-amz-json-1.0', 'x-amz-crc32': '2745614147', 'x-amzn-requestid': '74b6450d-e537-4c10-a65d-383d35d55332', 'content-length': '2', 'server': 'Jetty(9.4.18.v20190429)'}, 'RetryAttempts': 0}}
[2021-11-25 22:25:56,924] DEBUG in urllib3.connectionpool: Starting new HTTP connection (1): localhost:5000
[2021-11-25 22:25:56,929] DEBUG in urllib3.connectionpool: http://localhost:5000 "POST /register-instance/ HTTP/1.1" 409 19
[2021-11-25 22:25:56,936] DEBUG in boto3.resources.action: Calling dynamodb:get_item with {'TableName': 'polls', 'Key': {'poll_id': 1}}
[2021-11-25 22:25:56,937] DEBUG in botocore.hooks: Event provide-client-params.dynamodb.GetItem: calling handler <function copy_dynamodb_params at 0x7f75e6d6be50>
[2021-11-25 22:25:56,938] DEBUG in botocore.hooks: Event before-parameter-build.dynamodb.GetItem: calling handler <bound method TransformationInjector.inject_condition_expressions of <boto3.dynamodb.transform.TransformationInjector object at 0x7f75e6d4f7c0>>
[2021-11-25 22:25:56,938] DEBUG in botocore.hooks: Event before-parameter-build.dynamodb.GetItem: calling handler <bound method TransformationInjector.inject_attribute_value_input of <boto3.dynamodb.transform.TransformationInjector object at 0x7f75e6d4f7c0>>
[2021-11-25 22:25:56,938] DEBUG in botocore.hooks: Event before-parameter-build.dynamodb.GetItem: calling handler <function generate_idempotent_uuid at 0x7f75e71573a0>
[2021-11-25 22:25:56,938] DEBUG in botocore.hooks: Event before-call.dynamodb.GetItem: calling handler <function inject_api_version_header_if_needed at 0x7f75e715be50>
[2021-11-25 22:25:56,939] DEBUG in botocore.endpoint: Making request for OperationModel(name=GetItem) with params: {'url_path': '/', 'query_string': '', 'method': 'POST', 'headers': {'X-Amz-Target': 'DynamoDB_20120810.GetItem', 'Content-Type': 'application/x-amz-json-1.0', 'User-Agent': 'Boto3/1.9.253 Python/3.8.10 Linux/5.11.0-40-generic Botocore/1.16.19 Resource'}, 'body': b'{"TableName": "polls", "Key": {"poll_id": {"N": "1"}}}', 'url': 'http://localhost:8000/', 'context': {'client_region': 'us-west-2', 'client_config': <botocore.config.Config object at 0x7f75e6d92d30>, 'has_streaming_input': False, 'auth_type': None}}
[2021-11-25 22:25:56,939] DEBUG in botocore.hooks: Event request-created.dynamodb.GetItem: calling handler <bound method RequestSigner.handler of <botocore.signers.RequestSigner object at 0x7f75e6d92ca0>>
[2021-11-25 22:25:56,939] DEBUG in botocore.hooks: Event choose-signer.dynamodb.GetItem: calling handler <function set_operation_specific_signer at 0x7f75e7157280>
[2021-11-25 22:25:56,940] DEBUG in botocore.auth: Calculating signature using v4 auth.
[2021-11-25 22:25:56,940] DEBUG in botocore.auth: CanonicalRequest:
POST
/

content-type:application/x-amz-json-1.0
host:localhost:8000
x-amz-date:20211126T062556Z
x-amz-target:DynamoDB_20120810.GetItem

content-type;host;x-amz-date;x-amz-target
018c63eb3f418f6196de5e2c7326dfd644b58bf3b1960df3de65fd4d7a39660a
[2021-11-25 22:25:56,941] DEBUG in botocore.auth: StringToSign:
AWS4-HMAC-SHA256
20211126T062556Z
20211126/us-west-2/dynamodb/aws4_request
69bd8db75a0cca3734cebd47349378a21c616239885f5abb486dd78064d699b6
[2021-11-25 22:25:56,942] DEBUG in botocore.auth: Signature:
8f888588ea484402c8595c86e9b6549600feaf934472f49eebc56500fd755d7d
[2021-11-25 22:25:56,942] DEBUG in botocore.endpoint: Sending http request: <AWSPreparedRequest stream_output=False, method=POST, url=http://localhost:8000/, headers={'X-Amz-Target': b'DynamoDB_20120810.GetItem', 'Content-Type': b'application/x-amz-json-1.0', 'User-Agent': b'Boto3/1.9.253 Python/3.8.10 Linux/5.11.0-40-generic Botocore/1.16.19 Resource', 'X-Amz-Date': b'20211126T062556Z', 'Authorization': b'AWS4-HMAC-SHA256 Credential=fakeMyKeyId/20211126/us-west-2/dynamodb/aws4_request, SignedHeaders=content-type;host;x-amz-date;x-amz-target, Signature=8f888588ea484402c8595c86e9b6549600feaf934472f49eebc56500fd755d7d', 'Content-Length': '54'}>
[2021-11-25 22:25:56,942] DEBUG in urllib3.connectionpool: Starting new HTTP connection (1): localhost:8000
[2021-11-25 22:25:56,948] DEBUG in urllib3.connectionpool: http://localhost:8000 "POST / HTTP/1.1" 200 337
[2021-11-25 22:25:56,949] DEBUG in botocore.parsers: Response headers: {'Date': 'Fri, 26 Nov 2021 06:25:56 GMT', 'Content-Type': 'application/x-amz-json-1.0', 'x-amz-crc32': '3128978751', 'x-amzn-RequestId': '2bb406cb-6a8e-4884-a7c1-dc838701624b', 'Content-Length': '337', 'Server': 'Jetty(9.4.18.v20190429)'}
[2021-11-25 22:25:56,949] DEBUG in botocore.parsers: Response body:
b'{"Item":{"responses":{"L":[{"S":"MacOS"},{"S":"Windows"},{"S":"Linux"}]},"voted_counts":{"M":{"Linux":{"N":"0"},"MacOS":{"N":"1"},"Windows":{"N":"0"}}},"poll_id":{"N":"1"},"question":{"S":"Which OS are you using?"},"created_by":{"S":"vinhtran"},"voted_users":{"M":{"Linux":{"L":[]},"MacOS":{"L":[{"S":"vinhtran"}]},"Windows":{"L":[]}}}}}'
[2021-11-25 22:25:56,950] DEBUG in botocore.hooks: Event needs-retry.dynamodb.GetItem: calling handler <botocore.retryhandler.RetryHandler object at 0x7f75e6db77c0>
[2021-11-25 22:25:56,957] DEBUG in botocore.retryhandler: No retry needed.
[2021-11-25 22:25:56,957] DEBUG in botocore.hooks: Event after-call.dynamodb.GetItem: calling handler <bound method TransformationInjector.inject_attribute_value_output of <boto3.dynamodb.transform.TransformationInjector object at 0x7f75e6d4f7c0>>
[2021-11-25 22:25:56,957] DEBUG in boto3.resources.action: Response: {'Item': {'responses': ['MacOS', 'Windows', 'Linux'], 'voted_counts': {'Linux': Decimal('0'), 'MacOS': Decimal('1'), 'Windows': Decimal('0')}, 'poll_id': Decimal('1'), 'question': 'Which OS are you using?', 'created_by': 'vinhtran', 'voted_users': {'Linux': [], 'MacOS': ['vinhtran'], 'Windows': []}}, 'ResponseMetadata': {'RequestId': '2bb406cb-6a8e-4884-a7c1-dc838701624b', 'HTTPStatusCode': 200, 'HTTPHeaders': {'date': 'Fri, 26 Nov 2021 06:25:56 GMT', 'content-type': 'application/x-amz-json-1.0', 'x-amz-crc32': '3128978751', 'x-amzn-requestid': '2bb406cb-6a8e-4884-a7c1-dc838701624b', 'content-length': '337', 'server': 'Jetty(9.4.18.v20190429)'}, 'RetryAttempts': 0}}
[2021-11-25 22:26:58,225] DEBUG in urllib3.connectionpool: Starting new HTTP connection (1): localhost:5000
[2021-11-25 22:26:58,230] DEBUG in urllib3.connectionpool: http://localhost:5000 "POST /register-instance/ HTTP/1.1" 201 4
[2021-11-25 22:26:58,238] DEBUG in boto3.resources.action: Calling dynamodb:get_item with {'TableName': 'polls', 'Key': {'poll_id': 1}}
[2021-11-25 22:26:58,238] DEBUG in botocore.hooks: Event provide-client-params.dynamodb.GetItem: calling handler <function copy_dynamodb_params at 0x7f08660dee50>
[2021-11-25 22:26:58,238] DEBUG in botocore.hooks: Event before-parameter-build.dynamodb.GetItem: calling handler <bound method TransformationInjector.inject_condition_expressions of <boto3.dynamodb.transform.TransformationInjector object at 0x7f08660c37c0>>
[2021-11-25 22:26:58,239] DEBUG in botocore.hooks: Event before-parameter-build.dynamodb.GetItem: calling handler <bound method TransformationInjector.inject_attribute_value_input of <boto3.dynamodb.transform.TransformationInjector object at 0x7f08660c37c0>>
[2021-11-25 22:26:58,239] DEBUG in botocore.hooks: Event before-parameter-build.dynamodb.GetItem: calling handler <function generate_idempotent_uuid at 0x7f08664ca3a0>
[2021-11-25 22:26:58,239] DEBUG in botocore.hooks: Event before-call.dynamodb.GetItem: calling handler <function inject_api_version_header_if_needed at 0x7f08664cee50>
[2021-11-25 22:26:58,240] DEBUG in botocore.endpoint: Making request for OperationModel(name=GetItem) with params: {'url_path': '/', 'query_string': '', 'method': 'POST', 'headers': {'X-Amz-Target': 'DynamoDB_20120810.GetItem', 'Content-Type': 'application/x-amz-json-1.0', 'User-Agent': 'Boto3/1.9.253 Python/3.8.10 Linux/5.11.0-40-generic Botocore/1.16.19 Resource'}, 'body': b'{"TableName": "polls", "Key": {"poll_id": {"N": "1"}}}', 'url': 'http://localhost:8000/', 'context': {'client_region': 'us-west-2', 'client_config': <botocore.config.Config object at 0x7f0866105d30>, 'has_streaming_input': False, 'auth_type': None}}
[2021-11-25 22:26:58,241] DEBUG in botocore.hooks: Event request-created.dynamodb.GetItem: calling handler <bound method RequestSigner.handler of <botocore.signers.RequestSigner object at 0x7f0866105ca0>>
[2021-11-25 22:26:58,241] DEBUG in botocore.hooks: Event choose-signer.dynamodb.GetItem: calling handler <function set_operation_specific_signer at 0x7f08664ca280>
[2021-11-25 22:26:58,242] DEBUG in botocore.auth: Calculating signature using v4 auth.
[2021-11-25 22:26:58,242] DEBUG in botocore.auth: CanonicalRequest:
POST
/

content-type:application/x-amz-json-1.0
host:localhost:8000
x-amz-date:20211126T062658Z
x-amz-target:DynamoDB_20120810.GetItem

content-type;host;x-amz-date;x-amz-target
018c63eb3f418f6196de5e2c7326dfd644b58bf3b1960df3de65fd4d7a39660a
[2021-11-25 22:26:58,243] DEBUG in botocore.auth: StringToSign:
AWS4-HMAC-SHA256
20211126T062658Z
20211126/us-west-2/dynamodb/aws4_request
292b9e76378650138406cb1f4f32f6adf357efa7a31bf1c779c31dabce61ba72
[2021-11-25 22:26:58,243] DEBUG in botocore.auth: Signature:
c3d2e294c2fc3116174afcf11bc687a95f1166de20581c7a5ae34ef424897649
[2021-11-25 22:26:58,243] DEBUG in botocore.endpoint: Sending http request: <AWSPreparedRequest stream_output=False, method=POST, url=http://localhost:8000/, headers={'X-Amz-Target': b'DynamoDB_20120810.GetItem', 'Content-Type': b'application/x-amz-json-1.0', 'User-Agent': b'Boto3/1.9.253 Python/3.8.10 Linux/5.11.0-40-generic Botocore/1.16.19 Resource', 'X-Amz-Date': b'20211126T062658Z', 'Authorization': b'AWS4-HMAC-SHA256 Credential=fakeMyKeyId/20211126/us-west-2/dynamodb/aws4_request, SignedHeaders=content-type;host;x-amz-date;x-amz-target, Signature=c3d2e294c2fc3116174afcf11bc687a95f1166de20581c7a5ae34ef424897649', 'Content-Length': '54'}>
[2021-11-25 22:26:58,244] DEBUG in urllib3.connectionpool: Starting new HTTP connection (1): localhost:8000
[2021-11-25 22:26:58,249] DEBUG in urllib3.connectionpool: http://localhost:8000 "POST / HTTP/1.1" 200 337
[2021-11-25 22:26:58,250] DEBUG in botocore.parsers: Response headers: {'Date': 'Fri, 26 Nov 2021 06:26:58 GMT', 'Content-Type': 'application/x-amz-json-1.0', 'x-amz-crc32': '3128978751', 'x-amzn-RequestId': '7f475dcb-0262-4915-bf91-bef661e9b814', 'Content-Length': '337', 'Server': 'Jetty(9.4.18.v20190429)'}
[2021-11-25 22:26:58,250] DEBUG in botocore.parsers: Response body:
b'{"Item":{"responses":{"L":[{"S":"MacOS"},{"S":"Windows"},{"S":"Linux"}]},"voted_counts":{"M":{"Linux":{"N":"0"},"MacOS":{"N":"1"},"Windows":{"N":"0"}}},"poll_id":{"N":"1"},"question":{"S":"Which OS are you using?"},"created_by":{"S":"vinhtran"},"voted_users":{"M":{"Linux":{"L":[]},"MacOS":{"L":[{"S":"vinhtran"}]},"Windows":{"L":[]}}}}}'
[2021-11-25 22:26:58,251] DEBUG in botocore.hooks: Event needs-retry.dynamodb.GetItem: calling handler <botocore.retryhandler.RetryHandler object at 0x7f086612a7c0>
[2021-11-25 22:26:58,251] DEBUG in botocore.retryhandler: No retry needed.
[2021-11-25 22:26:58,252] DEBUG in botocore.hooks: Event after-call.dynamodb.GetItem: calling handler <bound method TransformationInjector.inject_attribute_value_output of <boto3.dynamodb.transform.TransformationInjector object at 0x7f08660c37c0>>
[2021-11-25 22:26:58,252] DEBUG in boto3.resources.action: Response: {'Item': {'responses': ['MacOS', 'Windows', 'Linux'], 'voted_counts': {'Linux': Decimal('0'), 'MacOS': Decimal('1'), 'Windows': Decimal('0')}, 'poll_id': Decimal('1'), 'question': 'Which OS are you using?', 'created_by': 'vinhtran', 'voted_users': {'Linux': [], 'MacOS': ['vinhtran'], 'Windows': []}}, 'ResponseMetadata': {'RequestId': '7f475dcb-0262-4915-bf91-bef661e9b814', 'HTTPStatusCode': 200, 'HTTPHeaders': {'date': 'Fri, 26 Nov 2021 06:26:58 GMT', 'content-type': 'application/x-amz-json-1.0', 'x-amz-crc32': '3128978751', 'x-amzn-requestid': '7f475dcb-0262-4915-bf91-bef661e9b814', 'content-length': '337', 'server': 'Jetty(9.4.18.v20190429)'}, 'RetryAttempts': 0}}
