[2021-10-21 00:09:15,103] DEBUG in urllib3.connectionpool: Starting new HTTP connection (1): localhost:5000
[2021-10-21 00:09:15,106] DEBUG in urllib3.connectionpool: http://localhost:5000 "GET /login?username=fishyfish&password=123456789 HTTP/1.1" 200 4
[2021-10-21 00:09:15,108] DEBUG in urllib3.connectionpool: Starting new HTTP connection (1): localhost:5000
[2021-10-21 00:09:15,110] DEBUG in urllib3.connectionpool: http://localhost:5000 "GET /get-following/fishyfish HTTP/1.1" 200 277
[2021-10-21 23:08:37,466] DEBUG in urllib3.connectionpool: Starting new HTTP connection (1): localhost:5000
[2021-10-21 23:08:37,502] DEBUG in urllib3.connectionpool: http://localhost:5000 "GET /login?username=fishyfish%20&password=123456789 HTTP/1.1" 500 141
[2021-10-21 23:08:56,514] DEBUG in urllib3.connectionpool: Starting new HTTP connection (1): localhost:5000
[2021-10-21 23:08:56,518] DEBUG in urllib3.connectionpool: http://localhost:5000 "GET /login?username=fishyfish&password=123456789 HTTP/1.1" 200 4
[2021-10-21 23:08:56,520] DEBUG in urllib3.connectionpool: Starting new HTTP connection (1): localhost:5000
[2021-10-21 23:08:56,531] DEBUG in urllib3.connectionpool: http://localhost:5000 "GET /get-following/fishyfish HTTP/1.1" 200 277
[2021-10-21 23:09:27,869] DEBUG in urllib3.connectionpool: Starting new HTTP connection (1): localhost:5000
[2021-10-21 23:09:27,873] DEBUG in urllib3.connectionpool: http://localhost:5000 "GET /login?username=fishyfish&password=123456789 HTTP/1.1" 200 4
[2021-10-21 23:09:27,875] DEBUG in urllib3.connectionpool: Starting new HTTP connection (1): localhost:5000
[2021-10-21 23:09:27,886] DEBUG in urllib3.connectionpool: http://localhost:5000 "GET /get-following/fishyfish HTTP/1.1" 200 277
[2021-10-21 23:09:37,938] DEBUG in urllib3.connectionpool: Starting new HTTP connection (1): localhost:5000
[2021-10-21 23:09:37,941] DEBUG in urllib3.connectionpool: http://localhost:5000 "GET /login?username=fishyfish&password=123456789 HTTP/1.1" 200 4
[2021-10-21 23:11:44,216] DEBUG in urllib3.connectionpool: Starting new HTTP connection (1): localhost:5000
[2021-10-21 23:11:44,245] DEBUG in urllib3.connectionpool: http://localhost:5000 "GET /login?username=fishyfish&password=123456789 HTTP/1.1" 200 4
[2021-10-21 23:11:44,248] DEBUG in urllib3.connectionpool: Starting new HTTP connection (1): localhost:5000
[2021-10-21 23:11:44,256] DEBUG in urllib3.connectionpool: http://localhost:5000 "GET /get-following/fishyfish HTTP/1.1" 200 277
[2021-10-21 23:11:52,156] DEBUG in urllib3.connectionpool: Starting new HTTP connection (1): localhost:5000
[2021-10-21 23:11:52,164] DEBUG in urllib3.connectionpool: http://localhost:5000 "GET /login?username=fishyfish&password=123456789 HTTP/1.1" 200 4
[2021-10-21 23:12:25,846] DEBUG in urllib3.connectionpool: Starting new HTTP connection (1): localhost:5000
[2021-10-21 23:12:25,871] DEBUG in urllib3.connectionpool: http://localhost:5000 "GET /login?username=fishyfish&password=123456789 HTTP/1.1" 200 4
[2021-10-21 23:12:25,876] DEBUG in urllib3.connectionpool: Starting new HTTP connection (1): localhost:5000
[2021-10-21 23:12:25,881] DEBUG in urllib3.connectionpool: http://localhost:5000 "GET /get-following/fishyfish HTTP/1.1" 200 277
[2021-10-21 23:12:53,846] DEBUG in urllib3.connectionpool: Starting new HTTP connection (1): localhost:5000
[2021-10-21 23:12:53,850] DEBUG in urllib3.connectionpool: http://localhost:5000 "GET /login?username=fishyfish&password=123456789 HTTP/1.1" 200 4
[2021-10-21 23:17:22,282] DEBUG in urllib3.connectionpool: Starting new HTTP connection (1): localhost:5000
[2021-10-21 23:17:22,287] DEBUG in urllib3.connectionpool: http://localhost:5000 "GET /login?username=fishyfish&password=123456789 HTTP/1.1" 200 4
[2021-10-21 23:17:45,783] DEBUG in urllib3.connectionpool: Starting new HTTP connection (1): localhost:5000
[2021-10-21 23:17:45,786] DEBUG in urllib3.connectionpool: http://localhost:5000 "GET /login?username=fishyfish&password=123456789 HTTP/1.1" 200 4
[2021-10-21 23:17:49,595] DEBUG in urllib3.connectionpool: Starting new HTTP connection (1): localhost:5000
[2021-10-21 23:17:49,598] DEBUG in urllib3.connectionpool: http://localhost:5000 "GET /login?username=fishyfish&password=123456789 HTTP/1.1" 200 4
[2021-10-21 23:19:37,175] DEBUG in urllib3.connectionpool: Starting new HTTP connection (1): localhost:5000
[2021-10-21 23:19:37,178] DEBUG in urllib3.connectionpool: http://localhost:5000 "GET /login?username=fishyfish&password=123456789 HTTP/1.1" 200 4
[2021-10-21 23:19:50,760] DEBUG in urllib3.connectionpool: Starting new HTTP connection (1): localhost:5000
[2021-10-21 23:19:50,763] DEBUG in urllib3.connectionpool: http://localhost:5000 "GET /login?username=fishyfish&password=123456789 HTTP/1.1" 200 4
[2021-10-21 23:25:08,173] DEBUG in urllib3.connectionpool: Starting new HTTP connection (1): localhost:5000
[2021-10-21 23:25:08,175] DEBUG in urllib3.connectionpool: http://localhost:5000 "GET /login?username=fishyfish&password=123456789 HTTP/1.1" 200 4
[2021-10-21 23:26:15,158] DEBUG in urllib3.connectionpool: Starting new HTTP connection (1): localhost:5000
[2021-10-21 23:26:15,160] DEBUG in urllib3.connectionpool: http://localhost:5000 "GET /login?username=fishyfish&password=123456789 HTTP/1.1" 200 4
[2021-10-21 23:27:35,704] DEBUG in urllib3.connectionpool: Starting new HTTP connection (1): localhost:5000
[2021-10-21 23:27:35,736] DEBUG in urllib3.connectionpool: http://localhost:5000 "GET /login?username=fishyfish&password=123456789 HTTP/1.1" 200 4
[2021-10-21 23:27:37,732] DEBUG in urllib3.connectionpool: Starting new HTTP connection (1): localhost:5000
[2021-10-21 23:27:37,742] DEBUG in urllib3.connectionpool: http://localhost:5000 "GET /login?username=fishyfish&password=123456789 HTTP/1.1" 200 4
[2021-10-21 23:27:37,747] DEBUG in urllib3.connectionpool: Starting new HTTP connection (1): localhost:5000
[2021-10-21 23:27:37,754] DEBUG in urllib3.connectionpool: http://localhost:5000 "GET /get-following/fishyfish HTTP/1.1" 200 277
[2021-10-21 23:36:14,684] DEBUG in urllib3.connectionpool: Starting new HTTP connection (1): 127.0.0.1:80
[2021-10-21 23:36:14,708] DEBUG in urllib3.connectionpool: http://127.0.0.1:80 "GET /login?username=fishyfish&password=123456789 HTTP/1.1" 200 4
[2021-10-21 23:36:14,713] DEBUG in urllib3.connectionpool: Starting new HTTP connection (1): localhost:5000
[2021-10-21 23:36:14,722] DEBUG in urllib3.connectionpool: http://localhost:5000 "GET /get-following/fishyfish HTTP/1.1" 200 277
[2021-10-21 23:36:29,636] DEBUG in urllib3.connectionpool: Starting new HTTP connection (1): 127.0.0.1:80
[2021-10-21 23:36:29,642] DEBUG in urllib3.connectionpool: http://127.0.0.1:80 "GET /login?username=fishyfish&password=123456789 HTTP/1.1" 200 4
[2021-10-22 13:33:59,958] DEBUG in urllib3.connectionpool: Starting new HTTP connection (1): 127.0.0.1:80
[2021-10-22 13:33:59,988] DEBUG in urllib3.connectionpool: http://127.0.0.1:80 "GET /login?username=fishyfish&password=987654321 HTTP/1.1" 500 141
[2021-10-22 13:34:29,967] DEBUG in urllib3.connectionpool: Starting new HTTP connection (1): 127.0.0.1:80
[2021-10-22 13:34:29,969] DEBUG in urllib3.connectionpool: http://127.0.0.1:80 "GET /login?username=fishyfish&password=123456789 HTTP/1.1" 200 4
[2021-10-22 13:34:29,972] DEBUG in urllib3.connectionpool: Starting new HTTP connection (1): localhost:5000
[2021-10-22 13:34:29,974] DEBUG in urllib3.connectionpool: http://localhost:5000 "GET /get-following/fishyfish HTTP/1.1" 200 226
[2021-10-22 13:34:33,298] DEBUG in urllib3.connectionpool: Starting new HTTP connection (1): 127.0.0.1:80
[2021-10-22 13:34:33,301] DEBUG in urllib3.connectionpool: http://127.0.0.1:80 "GET /login?username=fishyfish&password=123456789 HTTP/1.1" 200 4
[2021-10-22 13:34:33,304] DEBUG in urllib3.connectionpool: Starting new HTTP connection (1): localhost:5000
[2021-10-22 13:34:33,306] DEBUG in urllib3.connectionpool: http://localhost:5000 "GET /get-following/fishyfish HTTP/1.1" 200 226
[2021-10-22 13:34:34,130] DEBUG in urllib3.connectionpool: Starting new HTTP connection (1): 127.0.0.1:80
[2021-10-22 13:34:34,133] DEBUG in urllib3.connectionpool: http://127.0.0.1:80 "GET /login?username=fishyfish&password=123456789 HTTP/1.1" 200 4
[2021-10-22 13:34:34,135] DEBUG in urllib3.connectionpool: Starting new HTTP connection (1): localhost:5000
[2021-10-22 13:34:34,137] DEBUG in urllib3.connectionpool: http://localhost:5000 "GET /get-following/fishyfish HTTP/1.1" 200 226
[2021-10-22 14:02:03,196] DEBUG in urllib3.connectionpool: Starting new HTTP connection (1): 127.0.0.1:80
[2021-10-22 14:02:03,217] DEBUG in urllib3.connectionpool: http://127.0.0.1:80 "GET /login?username=fishyfish&password=987654321 HTTP/1.1" 500 141
[2021-10-22 14:02:43,432] DEBUG in urllib3.connectionpool: Starting new HTTP connection (1): 127.0.0.1:80
[2021-10-22 14:02:43,452] DEBUG in urllib3.connectionpool: http://127.0.0.1:80 "GET /login?username=fishyfish&password=987654321 HTTP/1.1" 500 141
[2021-10-22 14:04:42,591] DEBUG in urllib3.connectionpool: Starting new HTTP connection (1): 127.0.0.1:80
[2021-10-22 14:04:42,610] DEBUG in urllib3.connectionpool: http://127.0.0.1:80 "GET /login?username=fishyfish&password=987654321 HTTP/1.1" 500 141
[2021-10-22 14:04:57,027] DEBUG in urllib3.connectionpool: Starting new HTTP connection (1): 127.0.0.1:80
[2021-10-22 14:04:57,034] DEBUG in urllib3.connectionpool: http://127.0.0.1:80 "GET /login?username=fishyfish&password=987654321 HTTP/1.1" 500 141
[2021-10-22 14:29:56,265] DEBUG in urllib3.connectionpool: Starting new HTTP connection (1): 127.0.0.1:80
[2021-10-22 14:29:56,282] DEBUG in urllib3.connectionpool: http://127.0.0.1:80 "GET /login?username=fishyfish&password=987654321 HTTP/1.1" 500 141
[2021-10-22 14:32:59,202] DEBUG in urllib3.connectionpool: Starting new HTTP connection (1): 127.0.0.1:80
[2021-10-22 14:32:59,218] DEBUG in urllib3.connectionpool: http://127.0.0.1:80 "GET /login?username=fishyfish&password=987654321 HTTP/1.1" 500 141
[2021-10-22 14:33:42,133] DEBUG in urllib3.connectionpool: Starting new HTTP connection (1): 127.0.0.1:80
[2021-10-22 14:33:42,162] DEBUG in urllib3.connectionpool: http://127.0.0.1:80 "GET /login?username=fishyfish&password=987654321 HTTP/1.1" 401 4
[2021-10-22 14:34:19,200] DEBUG in urllib3.connectionpool: Starting new HTTP connection (1): 127.0.0.1:80
[2021-10-22 14:34:19,206] DEBUG in urllib3.connectionpool: http://127.0.0.1:80 "GET /login?username=fishyfish&password=123456789 HTTP/1.1" 200 4
[2021-10-22 14:34:19,214] DEBUG in urllib3.connectionpool: Starting new HTTP connection (1): localhost:5000
[2021-10-22 14:34:19,219] DEBUG in urllib3.connectionpool: http://localhost:5000 "GET /get-following/fishyfish HTTP/1.1" 200 226
[2021-10-22 14:34:41,996] DEBUG in urllib3.connectionpool: Starting new HTTP connection (1): 127.0.0.1:80
[2021-10-22 14:34:42,011] DEBUG in urllib3.connectionpool: http://127.0.0.1:80 "GET /login?username=fishyfish&password=123456789 HTTP/1.1" 200 4
[2021-10-22 14:35:48,903] DEBUG in urllib3.connectionpool: Starting new HTTP connection (1): 127.0.0.1:80
[2021-10-22 14:35:48,908] DEBUG in urllib3.connectionpool: http://127.0.0.1:80 "GET /login?username=vinhtran&password=cry HTTP/1.1" 200 4
[2021-10-22 14:35:48,910] DEBUG in urllib3.connectionpool: Starting new HTTP connection (1): localhost:5000
[2021-10-22 14:35:48,918] DEBUG in urllib3.connectionpool: http://localhost:5000 "GET /get-following/vinhtran HTTP/1.1" 200 167
[2021-10-22 14:36:10,899] DEBUG in urllib3.connectionpool: Starting new HTTP connection (1): 127.0.0.1:80
[2021-10-22 14:36:10,904] DEBUG in urllib3.connectionpool: http://127.0.0.1:80 "GET /login?username=vinhtran&password=cry HTTP/1.1" 200 4
[2021-10-22 14:36:10,906] DEBUG in urllib3.connectionpool: Starting new HTTP connection (1): localhost:5000
[2021-10-22 14:36:10,915] DEBUG in urllib3.connectionpool: http://localhost:5000 "GET /get-following/vinhtran HTTP/1.1" 200 167
[2021-10-22 14:36:17,097] DEBUG in urllib3.connectionpool: Starting new HTTP connection (1): 127.0.0.1:80
[2021-10-22 14:36:17,104] DEBUG in urllib3.connectionpool: http://127.0.0.1:80 "GET /login?username=vinhtran&password=cry HTTP/1.1" 200 4
[2021-10-22 15:08:53,334] DEBUG in urllib3.connectionpool: Starting new HTTP connection (1): 127.0.0.1:80
[2021-10-22 15:08:53,347] DEBUG in urllib3.connectionpool: http://127.0.0.1:80 "GET /login?username=fishyfish&password=987654321 HTTP/1.1" 401 4
[2021-10-22 15:09:06,920] DEBUG in urllib3.connectionpool: Starting new HTTP connection (1): 127.0.0.1:80
[2021-10-22 15:09:06,924] DEBUG in urllib3.connectionpool: http://127.0.0.1:80 "GET /login?username=fishyfish&password=123456789 HTTP/1.1" 200 4
[2021-10-22 15:09:06,926] DEBUG in urllib3.connectionpool: Starting new HTTP connection (1): localhost:5000
[2021-10-22 15:09:06,928] DEBUG in urllib3.connectionpool: http://localhost:5000 "GET /get-following/fishyfish HTTP/1.1" 200 215
[2021-10-22 15:09:26,774] DEBUG in urllib3.connectionpool: Starting new HTTP connection (1): 127.0.0.1:80
[2021-10-22 15:09:26,808] DEBUG in urllib3.connectionpool: http://127.0.0.1:80 "GET /login?username=fishyfish&password=123456789 HTTP/1.1" 200 4
[2021-10-22 15:09:26,820] DEBUG in urllib3.connectionpool: Starting new HTTP connection (1): localhost:5000
[2021-10-22 15:09:26,823] DEBUG in urllib3.connectionpool: http://localhost:5000 "GET /get-following/fishyfish HTTP/1.1" 200 215
[2021-10-22 15:10:14,118] DEBUG in urllib3.connectionpool: Starting new HTTP connection (1): 127.0.0.1:80
[2021-10-22 15:10:14,132] DEBUG in urllib3.connectionpool: http://127.0.0.1:80 "GET /login?username=fishyfish&password=123456789 HTTP/1.1" 200 4
[2021-10-22 15:10:14,136] DEBUG in urllib3.connectionpool: Starting new HTTP connection (1): localhost:5000
[2021-10-22 15:10:14,138] DEBUG in urllib3.connectionpool: http://localhost:5000 "GET /get-following/fishyfish HTTP/1.1" 200 215
[2021-10-22 15:15:46,006] DEBUG in urllib3.connectionpool: Starting new HTTP connection (1): 127.0.0.1:80
[2021-10-22 15:15:46,019] DEBUG in urllib3.connectionpool: http://127.0.0.1:80 "GET /login?username=fishyfish&password=123456789 HTTP/1.1" 200 4
[2021-10-22 15:15:46,023] DEBUG in urllib3.connectionpool: Starting new HTTP connection (1): localhost:5000
[2021-10-22 15:15:46,025] DEBUG in urllib3.connectionpool: http://localhost:5000 "GET /get-following/fishyfish HTTP/1.1" 200 226
[2021-10-22 15:16:56,852] DEBUG in urllib3.connectionpool: Starting new HTTP connection (1): 127.0.0.1:80
[2021-10-22 15:16:56,865] DEBUG in urllib3.connectionpool: http://127.0.0.1:80 "GET /login?username=fishyfish&password=123456789 HTTP/1.1" 200 4
[2021-10-22 15:16:56,867] DEBUG in urllib3.connectionpool: Starting new HTTP connection (1): localhost:5000
[2021-10-22 15:16:56,869] DEBUG in urllib3.connectionpool: http://localhost:5000 "GET /get-following/fishyfish HTTP/1.1" 200 226
[2021-10-22 15:18:19,740] DEBUG in urllib3.connectionpool: Starting new HTTP connection (1): 127.0.0.1:80
[2021-10-22 15:18:19,756] DEBUG in urllib3.connectionpool: http://127.0.0.1:80 "GET /login?username=fishyfish&password=123456789 HTTP/1.1" 200 4
[2021-10-22 15:18:19,761] DEBUG in urllib3.connectionpool: Starting new HTTP connection (1): localhost:5000
[2021-10-22 15:18:19,764] DEBUG in urllib3.connectionpool: http://localhost:5000 "GET /get-following/fishyfish HTTP/1.1" 200 226
[2021-11-25 22:13:38,191] DEBUG in urllib3.connectionpool: Starting new HTTP connection (1): localhost:5000
[2021-11-25 22:13:38,197] DEBUG in urllib3.connectionpool: http://localhost:5000 "POST /register-instance/ HTTP/1.1" 201 4
[2021-11-25 22:13:40,663] DEBUG in urllib3.connectionpool: Starting new HTTP connection (1): localhost:5000
[2021-11-25 22:13:40,664] DEBUG in urllib3.connectionpool: http://localhost:5000 "POST /register-instance/ HTTP/1.1" 201 4
[2021-11-25 22:13:42,455] DEBUG in urllib3.connectionpool: Starting new HTTP connection (1): localhost:5000
[2021-11-25 22:13:42,456] DEBUG in urllib3.connectionpool: http://localhost:5000 "POST /register-instance/ HTTP/1.1" 201 4
[2021-11-25 22:27:43,734] DEBUG in urllib3.connectionpool: Starting new HTTP connection (1): localhost:5000
[2021-11-25 22:27:43,748] DEBUG in urllib3.connectionpool: http://localhost:5000 "POST /register-instance/ HTTP/1.1" 201 4
[2021-11-25 22:27:43,756] DEBUG in urllib3.connectionpool: Starting new HTTP connection (1): localhost:5000
[2021-11-25 22:27:43,757] DEBUG in urllib3.connectionpool: http://localhost:5000 "GET /users HTTP/1.1" 200 2
[2021-11-25 22:28:16,889] DEBUG in urllib3.connectionpool: Starting new HTTP connection (1): localhost:5000
[2021-11-25 22:28:16,891] DEBUG in urllib3.connectionpool: http://localhost:5000 "POST /register-instance/ HTTP/1.1" 201 4
[2021-11-25 22:28:16,899] DEBUG in urllib3.connectionpool: Starting new HTTP connection (1): localhost:5000
[2021-11-25 22:28:16,902] DEBUG in urllib3.connectionpool: http://localhost:5000 "GET /users HTTP/1.1" 200 2
[2021-11-25 22:29:12,879] DEBUG in urllib3.connectionpool: Starting new HTTP connection (1): localhost:5000
[2021-11-25 22:29:12,880] DEBUG in urllib3.connectionpool: http://localhost:5000 "POST /register-instance/ HTTP/1.1" 201 4
[2021-11-25 22:30:10,139] DEBUG in urllib3.connectionpool: Starting new HTTP connection (1): localhost:5000
[2021-11-25 22:30:10,140] DEBUG in urllib3.connectionpool: http://localhost:5000 "GET /users HTTP/1.1" 200 25
[2021-11-25 22:30:10,141] DEBUG in urllib3.connectionpool: Starting new HTTP connection (1): tuffix-vm:5100
[2021-11-25 22:30:10,143] DEBUG in urllib3.connectionpool: http://tuffix-vm:5100 "GET /login?username=vinhtran&password=cry HTTP/1.1" 200 4
[2021-11-25 22:30:45,024] DEBUG in urllib3.connectionpool: Starting new HTTP connection (1): localhost:5000
[2021-11-25 22:30:45,026] DEBUG in urllib3.connectionpool: http://localhost:5000 "POST /register-instance/ HTTP/1.1" 201 4
[2021-11-25 22:30:45,035] DEBUG in urllib3.connectionpool: Starting new HTTP connection (1): localhost:5000
[2021-11-25 22:30:45,038] DEBUG in urllib3.connectionpool: http://localhost:5000 "GET /users HTTP/1.1" 200 25
[2021-11-25 22:30:45,039] DEBUG in urllib3.connectionpool: Starting new HTTP connection (1): tuffix-vm:5100
[2021-11-25 22:30:45,042] DEBUG in urllib3.connectionpool: http://tuffix-vm:5100 "GET /login?username=vinhtran&password=cry HTTP/1.1" 200 4
[2021-11-25 22:32:30,740] DEBUG in urllib3.connectionpool: Starting new HTTP connection (1): localhost:5000
[2021-11-25 22:32:30,745] DEBUG in urllib3.connectionpool: http://localhost:5000 "POST /register-instance/ HTTP/1.1" 201 4
[2021-11-25 22:32:30,756] DEBUG in urllib3.connectionpool: Starting new HTTP connection (1): localhost:5000
[2021-11-25 22:32:30,757] DEBUG in urllib3.connectionpool: http://localhost:5000 "GET /users HTTP/1.1" 200 2
[2021-11-25 22:35:01,059] DEBUG in urllib3.connectionpool: Starting new HTTP connection (1): localhost:5000
[2021-11-25 22:35:01,060] DEBUG in urllib3.connectionpool: http://localhost:5000 "POST /register-instance/ HTTP/1.1" 201 4
[2021-11-25 22:35:01,069] DEBUG in urllib3.connectionpool: Starting new HTTP connection (1): localhost:5000
[2021-11-25 22:35:01,071] DEBUG in urllib3.connectionpool: http://localhost:5000 "GET /users HTTP/1.1" 200 25
[2021-11-25 22:35:01,074] DEBUG in urllib3.connectionpool: Starting new HTTP connection (1): tuffix-vm:5100
[2021-11-25 22:35:01,075] DEBUG in urllib3.connectionpool: http://tuffix-vm:5100 "GET /login?username=vinhtran&password=cry HTTP/1.1" 200 4
[2021-11-25 22:36:03,726] DEBUG in urllib3.connectionpool: Starting new HTTP connection (1): localhost:5000
[2021-11-25 22:36:03,731] DEBUG in urllib3.connectionpool: http://localhost:5000 "POST /register-instance/ HTTP/1.1" 201 4
[2021-11-25 22:36:03,742] DEBUG in urllib3.connectionpool: Starting new HTTP connection (1): localhost:5000
[2021-11-25 22:36:03,744] DEBUG in urllib3.connectionpool: http://localhost:5000 "GET /users HTTP/1.1" 200 2
[2021-11-25 22:37:42,418] DEBUG in urllib3.connectionpool: Starting new HTTP connection (1): localhost:5000
[2021-11-25 22:37:42,420] DEBUG in urllib3.connectionpool: http://localhost:5000 "POST /register-instance/ HTTP/1.1" 201 4
[2021-11-25 22:37:42,428] DEBUG in urllib3.connectionpool: Starting new HTTP connection (1): localhost:5000
[2021-11-25 22:37:42,430] DEBUG in urllib3.connectionpool: http://localhost:5000 "GET /users HTTP/1.1" 200 25
[2021-11-25 22:37:42,433] DEBUG in urllib3.connectionpool: Starting new HTTP connection (1): tuffix-vm:5100
[2021-11-25 22:37:42,434] DEBUG in urllib3.connectionpool: http://tuffix-vm:5100 "GET /login?username=vinhtran&password=cry HTTP/1.1" 200 4
[2021-11-25 22:37:42,436] DEBUG in urllib3.connectionpool: Starting new HTTP connection (1): localhost:5000
[2021-11-25 22:37:42,437] DEBUG in urllib3.connectionpool: http://localhost:5000 "GET /users HTTP/1.1" 200 25
[2021-11-25 22:37:42,438] DEBUG in urllib3.connectionpool: Starting new HTTP connection (1): tuffix-vm:5100
[2021-11-25 22:37:42,440] DEBUG in urllib3.connectionpool: http://tuffix-vm:5100 "GET /get-following?username=vinhtran HTTP/1.1" 404 5565
[2021-11-25 22:42:24,742] DEBUG in urllib3.connectionpool: Starting new HTTP connection (1): localhost:5000
[2021-11-25 22:42:24,743] DEBUG in urllib3.connectionpool: http://localhost:5000 "POST /register-instance/ HTTP/1.1" 201 4
[2021-11-25 22:42:24,752] DEBUG in urllib3.connectionpool: Starting new HTTP connection (1): localhost:5000
[2021-11-25 22:42:24,754] DEBUG in urllib3.connectionpool: http://localhost:5000 "GET /users HTTP/1.1" 200 25
[2021-11-25 22:42:24,756] DEBUG in urllib3.connectionpool: Starting new HTTP connection (1): tuffix-vm:5100
[2021-11-25 22:42:24,758] DEBUG in urllib3.connectionpool: http://tuffix-vm:5100 "GET /login?username=vinhtran&password=cry HTTP/1.1" 200 4
[2021-11-25 22:42:24,759] DEBUG in urllib3.connectionpool: Starting new HTTP connection (1): localhost:5000
[2021-11-25 22:42:24,760] DEBUG in urllib3.connectionpool: http://localhost:5000 "GET /users HTTP/1.1" 200 25
[2021-11-25 22:42:24,762] DEBUG in urllib3.connectionpool: Starting new HTTP connection (1): tuffix-vm:5100
[2021-11-25 22:42:24,765] DEBUG in urllib3.connectionpool: http://tuffix-vm:5100 "GET /get-following?username=vinhtran HTTP/1.1" 404 5565
[2021-11-25 22:44:19,271] DEBUG in urllib3.connectionpool: Starting new HTTP connection (1): localhost:5000
[2021-11-25 22:44:19,274] DEBUG in urllib3.connectionpool: http://localhost:5000 "POST /register-instance/ HTTP/1.1" 201 4
[2021-11-25 22:44:19,282] DEBUG in urllib3.connectionpool: Starting new HTTP connection (1): localhost:5000
[2021-11-25 22:44:19,285] DEBUG in urllib3.connectionpool: http://localhost:5000 "GET /users HTTP/1.1" 200 25
[2021-11-25 22:44:19,287] DEBUG in urllib3.connectionpool: Starting new HTTP connection (1): tuffix-vm:5100
[2021-11-25 22:44:19,288] DEBUG in urllib3.connectionpool: http://tuffix-vm:5100 "GET /login?username=vinhtran&password=cry HTTP/1.1" 200 4
[2021-11-25 22:44:19,290] DEBUG in urllib3.connectionpool: Starting new HTTP connection (1): localhost:5000
[2021-11-25 22:44:19,291] DEBUG in urllib3.connectionpool: http://localhost:5000 "GET /users HTTP/1.1" 200 25
[2021-11-25 22:44:19,292] DEBUG in urllib3.connectionpool: Starting new HTTP connection (1): tuffix-vm:5100
[2021-11-25 22:44:19,294] DEBUG in urllib3.connectionpool: http://tuffix-vm:5100 "GET /get-following/?username=vinhtran HTTP/1.1" 404 5565
[2021-11-25 22:45:30,581] DEBUG in urllib3.connectionpool: Starting new HTTP connection (1): localhost:5000
[2021-11-25 22:45:30,586] DEBUG in urllib3.connectionpool: http://localhost:5000 "POST /register-instance/ HTTP/1.1" 201 4
[2021-11-25 22:45:30,595] DEBUG in urllib3.connectionpool: Starting new HTTP connection (1): localhost:5000
[2021-11-25 22:45:30,597] DEBUG in urllib3.connectionpool: http://localhost:5000 "GET /users HTTP/1.1" 200 2
[2021-11-25 22:45:36,674] DEBUG in urllib3.connectionpool: Starting new HTTP connection (1): localhost:5000
[2021-11-25 22:45:36,676] DEBUG in urllib3.connectionpool: http://localhost:5000 "POST /register-instance/ HTTP/1.1" 201 4
[2021-11-25 22:45:36,684] DEBUG in urllib3.connectionpool: Starting new HTTP connection (1): localhost:5000
[2021-11-25 22:45:36,687] DEBUG in urllib3.connectionpool: http://localhost:5000 "GET /users HTTP/1.1" 200 25
[2021-11-25 22:45:36,689] DEBUG in urllib3.connectionpool: Starting new HTTP connection (1): tuffix-vm:5100
[2021-11-25 22:45:36,690] DEBUG in urllib3.connectionpool: http://tuffix-vm:5100 "GET /login?username=vinhtran&password=cry HTTP/1.1" 200 4
[2021-11-25 22:45:36,692] DEBUG in urllib3.connectionpool: Starting new HTTP connection (1): localhost:5000
[2021-11-25 22:45:36,693] DEBUG in urllib3.connectionpool: http://localhost:5000 "GET /users HTTP/1.1" 200 25
[2021-11-25 22:45:36,694] DEBUG in urllib3.connectionpool: Starting new HTTP connection (1): tuffix-vm:5100
[2021-11-25 22:45:36,695] DEBUG in urllib3.connectionpool: http://tuffix-vm:5100 "GET /get-following/vinhtran HTTP/1.1" 200 167
[2021-11-25 22:48:16,391] DEBUG in urllib3.connectionpool: Starting new HTTP connection (1): localhost:5000
[2021-11-25 22:48:16,396] DEBUG in urllib3.connectionpool: http://localhost:5000 "POST /register-instance/ HTTP/1.1" 201 4
[2021-11-25 22:48:16,408] DEBUG in urllib3.connectionpool: Starting new HTTP connection (1): localhost:5000
[2021-11-25 22:48:16,409] DEBUG in urllib3.connectionpool: http://localhost:5000 "GET /users HTTP/1.1" 200 2
[2021-11-25 22:58:02,009] DEBUG in urllib3.connectionpool: Starting new HTTP connection (1): localhost:5000
[2021-11-25 22:58:02,015] DEBUG in urllib3.connectionpool: http://localhost:5000 "POST /register-instance/ HTTP/1.1" 201 4
[2021-11-25 22:58:02,025] DEBUG in urllib3.connectionpool: Starting new HTTP connection (1): localhost:5000
[2021-11-25 22:58:02,027] DEBUG in urllib3.connectionpool: http://localhost:5000 "GET /users HTTP/1.1" 200 2
[2021-11-25 22:58:28,616] DEBUG in urllib3.connectionpool: Starting new HTTP connection (1): localhost:5000
[2021-11-25 22:58:28,618] DEBUG in urllib3.connectionpool: http://localhost:5000 "POST /register-instance/ HTTP/1.1" 201 4
[2021-11-25 22:58:28,626] DEBUG in urllib3.connectionpool: Starting new HTTP connection (1): localhost:5000
[2021-11-25 22:58:28,628] DEBUG in urllib3.connectionpool: http://localhost:5000 "GET /users HTTP/1.1" 200 25
[2021-11-25 22:58:28,630] DEBUG in urllib3.connectionpool: Starting new HTTP connection (1): tuffix-vm:5100
[2021-11-25 22:58:28,631] DEBUG in urllib3.connectionpool: http://tuffix-vm:5100 "GET /login?username=vinhtran&password=cry HTTP/1.1" 200 4
[2021-11-25 22:58:28,634] DEBUG in urllib3.connectionpool: Starting new HTTP connection (1): localhost:5000
[2021-11-25 22:58:28,635] DEBUG in urllib3.connectionpool: http://localhost:5000 "GET /users HTTP/1.1" 200 25
[2021-11-25 22:58:28,637] DEBUG in urllib3.connectionpool: Starting new HTTP connection (1): tuffix-vm:5100
[2021-11-25 22:58:28,638] DEBUG in urllib3.connectionpool: http://tuffix-vm:5100 "GET /get-following/vinhtran HTTP/1.1" 200 167
[2021-11-25 23:03:02,422] DEBUG in urllib3.connectionpool: Starting new HTTP connection (1): localhost:5000
[2021-11-25 23:03:02,427] DEBUG in urllib3.connectionpool: http://localhost:5000 "POST /register-instance/ HTTP/1.1" 201 4
[2021-11-25 23:03:02,437] DEBUG in urllib3.connectionpool: Starting new HTTP connection (1): localhost:5000
[2021-11-25 23:03:02,439] DEBUG in urllib3.connectionpool: http://localhost:5000 "GET /users HTTP/1.1" 200 2
[2021-11-25 23:03:15,195] DEBUG in urllib3.connectionpool: Starting new HTTP connection (1): localhost:5000
[2021-11-25 23:03:15,197] DEBUG in urllib3.connectionpool: http://localhost:5000 "POST /register-instance/ HTTP/1.1" 201 4
[2021-11-25 23:03:15,205] DEBUG in urllib3.connectionpool: Starting new HTTP connection (1): localhost:5000
[2021-11-25 23:03:15,208] DEBUG in urllib3.connectionpool: http://localhost:5000 "GET /users HTTP/1.1" 200 25
[2021-11-25 23:03:15,210] DEBUG in urllib3.connectionpool: Starting new HTTP connection (1): tuffix-vm:5100
[2021-11-25 23:03:15,211] DEBUG in urllib3.connectionpool: http://tuffix-vm:5100 "GET /login?username=vinhtran&password=cry HTTP/1.1" 200 4
[2021-11-25 23:03:15,213] DEBUG in urllib3.connectionpool: Starting new HTTP connection (1): localhost:5000
[2021-11-25 23:03:15,214] DEBUG in urllib3.connectionpool: http://localhost:5000 "GET /users HTTP/1.1" 200 25
[2021-11-25 23:03:15,215] DEBUG in urllib3.connectionpool: Starting new HTTP connection (1): tuffix-vm:5100
[2021-11-25 23:03:15,217] DEBUG in urllib3.connectionpool: http://tuffix-vm:5100 "GET /get-following/vinhtran HTTP/1.1" 200 167
[2021-11-25 23:03:19,891] DEBUG in urllib3.connectionpool: Starting new HTTP connection (1): localhost:5000
[2021-11-25 23:03:19,893] DEBUG in urllib3.connectionpool: http://localhost:5000 "GET /users HTTP/1.1" 200 25
[2021-11-25 23:03:19,894] DEBUG in urllib3.connectionpool: Starting new HTTP connection (1): tuffix-vm:5100
[2021-11-25 23:03:19,896] DEBUG in urllib3.connectionpool: http://tuffix-vm:5100 "GET /login?username=vinhtran&password=cry HTTP/1.1" 200 4
[2021-11-25 23:37:29,025] DEBUG in urllib3.connectionpool: Starting new HTTP connection (1): localhost:5000
[2021-11-25 23:37:29,027] DEBUG in urllib3.connectionpool: http://localhost:5000 "POST /register-instance/ HTTP/1.1" 201 4
[2021-11-25 23:37:53,771] DEBUG in urllib3.connectionpool: Starting new HTTP connection (1): localhost:5000
[2021-11-25 23:37:53,773] DEBUG in urllib3.connectionpool: http://localhost:5000 "POST /register-instance/ HTTP/1.1" 201 4
[2021-11-26 09:34:00,620] DEBUG in urllib3.connectionpool: Starting new HTTP connection (1): localhost:5000
[2021-11-26 09:34:00,627] DEBUG in urllib3.connectionpool: http://localhost:5000 "POST /register-instance/ HTTP/1.1" 201 4
[2021-11-26 09:34:00,636] DEBUG in urllib3.connectionpool: Starting new HTTP connection (1): localhost:5000
[2021-11-26 09:34:00,637] DEBUG in urllib3.connectionpool: http://localhost:5000 "GET /users HTTP/1.1" 200 25
[2021-11-26 09:34:00,639] DEBUG in urllib3.connectionpool: Starting new HTTP connection (1): tuffix-vm:5100
[2021-11-26 09:34:00,640] DEBUG in urllib3.connectionpool: http://tuffix-vm:5100 "GET /login?username=vinhtran&password=cry HTTP/1.1" 200 4
[2021-11-26 09:34:00,644] DEBUG in urllib3.connectionpool: Starting new HTTP connection (1): localhost:5000
[2021-11-26 09:34:00,645] DEBUG in urllib3.connectionpool: http://localhost:5000 "GET /users HTTP/1.1" 200 25
[2021-11-26 09:34:00,646] DEBUG in urllib3.connectionpool: Starting new HTTP connection (1): tuffix-vm:5100
[2021-11-26 09:34:00,652] DEBUG in urllib3.connectionpool: http://tuffix-vm:5100 "GET /get-following/vinhtran HTTP/1.1" 200 167
[2021-11-26 09:35:00,420] DEBUG in urllib3.connectionpool: Starting new HTTP connection (1): localhost:5000
[2021-11-26 09:35:00,425] DEBUG in urllib3.connectionpool: http://localhost:5000 "POST /register-instance/ HTTP/1.1" 201 4
[2021-11-26 09:35:00,434] DEBUG in urllib3.connectionpool: Starting new HTTP connection (1): localhost:5000
[2021-11-26 09:35:00,435] DEBUG in urllib3.connectionpool: http://localhost:5000 "GET /users HTTP/1.1" 200 2
[2021-11-26 09:35:06,266] DEBUG in urllib3.connectionpool: Starting new HTTP connection (1): localhost:5000
[2021-11-26 09:35:06,268] DEBUG in urllib3.connectionpool: http://localhost:5000 "POST /register-instance/ HTTP/1.1" 201 4
[2021-11-26 09:35:06,276] DEBUG in urllib3.connectionpool: Starting new HTTP connection (1): localhost:5000
[2021-11-26 09:35:06,280] DEBUG in urllib3.connectionpool: http://localhost:5000 "GET /users HTTP/1.1" 200 25
[2021-11-26 09:35:06,281] DEBUG in urllib3.connectionpool: Starting new HTTP connection (1): tuffix-vm:5100
[2021-11-26 09:35:06,283] DEBUG in urllib3.connectionpool: http://tuffix-vm:5100 "GET /login?username=vinhtran&password=cry HTTP/1.1" 200 4
[2021-11-26 09:35:06,284] DEBUG in urllib3.connectionpool: Starting new HTTP connection (1): localhost:5000
[2021-11-26 09:35:06,286] DEBUG in urllib3.connectionpool: http://localhost:5000 "GET /users HTTP/1.1" 200 25
[2021-11-26 09:35:06,287] DEBUG in urllib3.connectionpool: Starting new HTTP connection (1): tuffix-vm:5100
[2021-11-26 09:35:06,289] DEBUG in urllib3.connectionpool: http://tuffix-vm:5100 "GET /get-following/vinhtran HTTP/1.1" 200 167
[2021-11-26 09:37:10,469] DEBUG in urllib3.connectionpool: Starting new HTTP connection (1): localhost:5000
[2021-11-26 09:37:10,470] DEBUG in urllib3.connectionpool: http://localhost:5000 "POST /register-instance/ HTTP/1.1" 201 4
[2021-11-26 09:37:10,482] DEBUG in urllib3.connectionpool: Starting new HTTP connection (1): localhost:5000
[2021-11-26 09:37:10,483] DEBUG in urllib3.connectionpool: http://localhost:5000 "GET /users HTTP/1.1" 200 25
[2021-11-26 09:37:10,485] DEBUG in urllib3.connectionpool: Starting new HTTP connection (1): tuffix-vm:5100
[2021-11-26 09:37:10,486] DEBUG in urllib3.connectionpool: http://tuffix-vm:5100 "GET /login?username=vinhtran&password=cry HTTP/1.1" 200 4
[2021-11-26 09:37:10,488] DEBUG in urllib3.connectionpool: Starting new HTTP connection (1): localhost:5000
[2021-11-26 09:37:10,489] DEBUG in urllib3.connectionpool: http://localhost:5000 "GET /users HTTP/1.1" 200 25
[2021-11-26 09:37:10,490] DEBUG in urllib3.connectionpool: Starting new HTTP connection (1): tuffix-vm:5100
[2021-11-26 09:37:10,492] DEBUG in urllib3.connectionpool: http://tuffix-vm:5100 "GET /get-following/vinhtran HTTP/1.1" 200 167
[2021-11-26 09:39:01,516] DEBUG in urllib3.connectionpool: Starting new HTTP connection (1): localhost:5000
[2021-11-26 09:39:01,521] DEBUG in urllib3.connectionpool: http://localhost:5000 "POST /register-instance/ HTTP/1.1" 201 4
[2021-11-26 09:39:01,533] DEBUG in urllib3.connectionpool: Starting new HTTP connection (1): localhost:5000
[2021-11-26 09:39:01,534] DEBUG in urllib3.connectionpool: http://localhost:5000 "GET /users HTTP/1.1" 200 2
[2021-11-26 09:39:06,473] DEBUG in urllib3.connectionpool: Starting new HTTP connection (1): localhost:5000
[2021-11-26 09:39:06,475] DEBUG in urllib3.connectionpool: http://localhost:5000 "POST /register-instance/ HTTP/1.1" 201 4
[2021-11-26 09:39:06,484] DEBUG in urllib3.connectionpool: Starting new HTTP connection (1): localhost:5000
[2021-11-26 09:39:06,488] DEBUG in urllib3.connectionpool: http://localhost:5000 "GET /users HTTP/1.1" 200 25
[2021-11-26 09:39:06,489] DEBUG in urllib3.connectionpool: Starting new HTTP connection (1): tuffix-vm:5100
[2021-11-26 09:39:06,491] DEBUG in urllib3.connectionpool: http://tuffix-vm:5100 "GET /login?username=vinhtran&password=cry HTTP/1.1" 200 4
[2021-11-26 09:39:06,492] DEBUG in urllib3.connectionpool: Starting new HTTP connection (1): localhost:5000
[2021-11-26 09:39:06,493] DEBUG in urllib3.connectionpool: http://localhost:5000 "GET /users HTTP/1.1" 200 25
[2021-11-26 09:39:06,494] DEBUG in urllib3.connectionpool: Starting new HTTP connection (1): tuffix-vm:5100
[2021-11-26 09:39:06,496] DEBUG in urllib3.connectionpool: http://tuffix-vm:5100 "GET /get-following/vinhtran HTTP/1.1" 200 167
[2021-11-26 09:44:19,884] DEBUG in urllib3.connectionpool: Starting new HTTP connection (1): localhost:5000
[2021-11-26 09:44:19,886] DEBUG in urllib3.connectionpool: http://localhost:5000 "POST /register-instance/ HTTP/1.1" 201 4
[2021-11-26 09:44:19,894] DEBUG in urllib3.connectionpool: Starting new HTTP connection (1): localhost:5000
[2021-11-26 09:44:19,896] DEBUG in urllib3.connectionpool: http://localhost:5000 "GET /users HTTP/1.1" 200 25
[2021-11-26 09:44:19,898] DEBUG in urllib3.connectionpool: Starting new HTTP connection (1): tuffix-vm:5100
[2021-11-26 09:44:19,901] DEBUG in urllib3.connectionpool: http://tuffix-vm:5100 "GET /login?username=vinhtran&password=cry HTTP/1.1" 200 4
[2021-11-26 09:44:19,902] DEBUG in urllib3.connectionpool: Starting new HTTP connection (1): localhost:5000
[2021-11-26 09:44:19,903] DEBUG in urllib3.connectionpool: http://localhost:5000 "GET /users HTTP/1.1" 200 25
[2021-11-26 09:44:19,906] DEBUG in urllib3.connectionpool: Starting new HTTP connection (1): tuffix-vm:5100
[2021-11-26 09:44:19,908] DEBUG in urllib3.connectionpool: http://tuffix-vm:5100 "GET /get-following/vinhtran HTTP/1.1" 200 167
[2021-11-26 09:45:13,003] DEBUG in urllib3.connectionpool: Starting new HTTP connection (1): localhost:5000
[2021-11-26 09:45:13,004] DEBUG in urllib3.connectionpool: http://localhost:5000 "POST /register-instance/ HTTP/1.1" 201 4
[2021-11-26 09:45:13,013] DEBUG in urllib3.connectionpool: Starting new HTTP connection (1): localhost:5000
[2021-11-26 09:45:13,016] DEBUG in urllib3.connectionpool: http://localhost:5000 "GET /users HTTP/1.1" 200 25
[2021-11-26 09:45:13,017] DEBUG in urllib3.connectionpool: Starting new HTTP connection (1): tuffix-vm:5100
[2021-11-26 09:45:13,019] DEBUG in urllib3.connectionpool: http://tuffix-vm:5100 "GET /login?username=vinhtran&password=cry HTTP/1.1" 200 4
[2021-11-26 09:45:13,020] DEBUG in urllib3.connectionpool: Starting new HTTP connection (1): localhost:5000
[2021-11-26 09:45:13,021] DEBUG in urllib3.connectionpool: http://localhost:5000 "GET /users HTTP/1.1" 200 25
[2021-11-26 09:45:13,024] DEBUG in urllib3.connectionpool: Starting new HTTP connection (1): tuffix-vm:5100
[2021-11-26 09:45:13,025] DEBUG in urllib3.connectionpool: http://tuffix-vm:5100 "GET /get-following/vinhtran HTTP/1.1" 200 167
[2021-11-26 09:46:00,149] DEBUG in urllib3.connectionpool: Starting new HTTP connection (1): localhost:5000
[2021-11-26 09:46:00,151] DEBUG in urllib3.connectionpool: http://localhost:5000 "POST /register-instance/ HTTP/1.1" 201 4
[2021-11-26 09:46:00,159] DEBUG in urllib3.connectionpool: Starting new HTTP connection (1): localhost:5000
[2021-11-26 09:46:00,163] DEBUG in urllib3.connectionpool: http://localhost:5000 "GET /users HTTP/1.1" 200 25
[2021-11-26 09:46:00,164] DEBUG in urllib3.connectionpool: Starting new HTTP connection (1): tuffix-vm:5100
[2021-11-26 09:46:00,166] DEBUG in urllib3.connectionpool: http://tuffix-vm:5100 "GET /login?username=fishyfish&password=123456789 HTTP/1.1" 200 4
[2021-11-26 09:46:00,167] DEBUG in urllib3.connectionpool: Starting new HTTP connection (1): localhost:5000
[2021-11-26 09:46:00,168] DEBUG in urllib3.connectionpool: http://localhost:5000 "GET /users HTTP/1.1" 200 25
[2021-11-26 09:46:00,170] DEBUG in urllib3.connectionpool: Starting new HTTP connection (1): tuffix-vm:5100
[2021-11-26 09:46:00,171] DEBUG in urllib3.connectionpool: http://tuffix-vm:5100 "GET /get-following/fishyfish HTTP/1.1" 200 226
[2021-11-26 09:59:08,049] DEBUG in urllib3.connectionpool: Starting new HTTP connection (1): localhost:5000
[2021-11-26 09:59:08,051] DEBUG in urllib3.connectionpool: http://localhost:5000 "POST /register-instance/ HTTP/1.1" 201 4
[2021-11-26 09:59:08,060] DEBUG in urllib3.connectionpool: Starting new HTTP connection (1): localhost:5000
[2021-11-26 09:59:08,062] DEBUG in urllib3.connectionpool: http://localhost:5000 "GET /users HTTP/1.1" 200 25
[2021-11-26 09:59:08,064] DEBUG in urllib3.connectionpool: Starting new HTTP connection (1): tuffix-vm:5100
[2021-11-26 09:59:08,066] DEBUG in urllib3.connectionpool: http://tuffix-vm:5100 "GET /login?username=fishyfish&password=123456789 HTTP/1.1" 200 4
[2021-11-26 09:59:08,067] DEBUG in urllib3.connectionpool: Starting new HTTP connection (1): localhost:5000
[2021-11-26 09:59:08,068] DEBUG in urllib3.connectionpool: http://localhost:5000 "GET /users HTTP/1.1" 200 25
[2021-11-26 09:59:08,070] DEBUG in urllib3.connectionpool: Starting new HTTP connection (1): tuffix-vm:5100
[2021-11-26 09:59:08,071] DEBUG in urllib3.connectionpool: http://tuffix-vm:5100 "GET /get-following/fishyfish HTTP/1.1" 200 226
[2021-11-26 10:01:53,849] DEBUG in urllib3.connectionpool: Starting new HTTP connection (1): localhost:5000
[2021-11-26 10:01:53,851] DEBUG in urllib3.connectionpool: http://localhost:5000 "POST /register-instance/ HTTP/1.1" 201 4
[2021-11-26 10:01:53,859] DEBUG in urllib3.connectionpool: Starting new HTTP connection (1): localhost:5000
[2021-11-26 10:01:53,864] DEBUG in urllib3.connectionpool: http://localhost:5000 "GET /users HTTP/1.1" 200 25
[2021-11-26 10:01:53,865] DEBUG in urllib3.connectionpool: Starting new HTTP connection (1): tuffix-vm:5100
[2021-11-26 10:01:53,867] DEBUG in urllib3.connectionpool: http://tuffix-vm:5100 "GET /login?username=fishyfish&password=123456789 HTTP/1.1" 200 4
[2021-11-26 10:01:53,868] DEBUG in urllib3.connectionpool: Starting new HTTP connection (1): localhost:5000
[2021-11-26 10:01:53,869] DEBUG in urllib3.connectionpool: http://localhost:5000 "GET /users HTTP/1.1" 200 25
[2021-11-26 10:01:53,871] DEBUG in urllib3.connectionpool: Starting new HTTP connection (1): tuffix-vm:5100
[2021-11-26 10:01:53,872] DEBUG in urllib3.connectionpool: http://tuffix-vm:5100 "GET /get-following/fishyfish HTTP/1.1" 200 226
[2021-11-26 10:06:21,347] DEBUG in urllib3.connectionpool: Starting new HTTP connection (1): localhost:5000
[2021-11-26 10:06:21,349] DEBUG in urllib3.connectionpool: http://localhost:5000 "POST /register-instance/ HTTP/1.1" 201 4
[2021-11-26 10:06:21,357] DEBUG in urllib3.connectionpool: Starting new HTTP connection (1): localhost:5000
[2021-11-26 10:06:21,360] DEBUG in urllib3.connectionpool: http://localhost:5000 "GET /users HTTP/1.1" 200 25
[2021-11-26 10:06:21,361] DEBUG in urllib3.connectionpool: Starting new HTTP connection (1): tuffix-vm:5100
[2021-11-26 10:06:21,362] DEBUG in urllib3.connectionpool: http://tuffix-vm:5100 "GET /login?username=fishyfish&password=123456789 HTTP/1.1" 200 4
[2021-11-26 10:06:21,367] DEBUG in urllib3.connectionpool: Starting new HTTP connection (1): localhost:5000
[2021-11-26 10:06:21,368] DEBUG in urllib3.connectionpool: http://localhost:5000 "GET /users HTTP/1.1" 200 25
[2021-11-26 10:06:21,369] DEBUG in urllib3.connectionpool: Starting new HTTP connection (1): tuffix-vm:5100
[2021-11-26 10:06:21,371] DEBUG in urllib3.connectionpool: http://tuffix-vm:5100 "GET /get-following/fishyfish HTTP/1.1" 200 226
[2021-11-26 10:22:00,259] DEBUG in urllib3.connectionpool: Starting new HTTP connection (1): localhost:5000
[2021-11-26 10:22:00,261] DEBUG in urllib3.connectionpool: http://localhost:5000 "POST /register-instance/ HTTP/1.1" 201 4
[2021-11-26 10:22:00,269] DEBUG in urllib3.connectionpool: Starting new HTTP connection (1): localhost:5000
[2021-11-26 10:22:00,272] DEBUG in urllib3.connectionpool: http://localhost:5000 "GET /users HTTP/1.1" 200 25
[2021-11-26 10:22:00,273] DEBUG in urllib3.connectionpool: Starting new HTTP connection (1): tuffix-vm:5100
[2021-11-26 10:22:00,275] DEBUG in urllib3.connectionpool: http://tuffix-vm:5100 "GET /login?username=fishyfish&password=123456789 HTTP/1.1" 200 4
[2021-11-26 10:22:00,277] DEBUG in urllib3.connectionpool: Starting new HTTP connection (1): localhost:5000
[2021-11-26 10:22:00,278] DEBUG in urllib3.connectionpool: http://localhost:5000 "GET /users HTTP/1.1" 200 25
[2021-11-26 10:22:00,279] DEBUG in urllib3.connectionpool: Starting new HTTP connection (1): tuffix-vm:5100
[2021-11-26 10:22:00,280] DEBUG in urllib3.connectionpool: http://tuffix-vm:5100 "GET /get-following/fishyfish HTTP/1.1" 200 226
[2021-11-26 10:52:03,471] DEBUG in urllib3.connectionpool: Starting new HTTP connection (1): localhost:5000
[2021-11-26 10:52:03,472] DEBUG in urllib3.connectionpool: http://localhost:5000 "POST /register-instance/ HTTP/1.1" 201 4
[2021-11-26 10:52:03,481] DEBUG in urllib3.connectionpool: Starting new HTTP connection (1): localhost:5000
[2021-11-26 10:52:03,483] DEBUG in urllib3.connectionpool: http://localhost:5000 "GET /users HTTP/1.1" 200 25
[2021-11-26 10:52:03,485] DEBUG in urllib3.connectionpool: Starting new HTTP connection (1): tuffix-vm:5100
[2021-11-26 10:52:03,487] DEBUG in urllib3.connectionpool: http://tuffix-vm:5100 "GET /login?username=vinhtran&password=cry HTTP/1.1" 200 4
[2021-11-26 10:52:03,489] DEBUG in urllib3.connectionpool: Starting new HTTP connection (1): localhost:5000
[2021-11-26 10:52:03,490] DEBUG in urllib3.connectionpool: http://localhost:5000 "GET /users HTTP/1.1" 200 25
[2021-11-26 10:52:03,491] DEBUG in urllib3.connectionpool: Starting new HTTP connection (1): tuffix-vm:5100
[2021-11-26 10:52:03,493] DEBUG in urllib3.connectionpool: http://tuffix-vm:5100 "GET /get-following/vinhtran HTTP/1.1" 200 167
[2021-11-26 10:52:27,921] DEBUG in urllib3.connectionpool: Starting new HTTP connection (1): localhost:5000
[2021-11-26 10:52:27,922] DEBUG in urllib3.connectionpool: http://localhost:5000 "POST /register-instance/ HTTP/1.1" 201 4
[2021-11-26 10:52:27,930] DEBUG in urllib3.connectionpool: Starting new HTTP connection (1): localhost:5000
[2021-11-26 10:52:27,932] DEBUG in urllib3.connectionpool: http://localhost:5000 "GET /users HTTP/1.1" 200 25
[2021-11-26 10:52:27,934] DEBUG in urllib3.connectionpool: Starting new HTTP connection (1): tuffix-vm:5100
[2021-11-26 10:52:27,937] DEBUG in urllib3.connectionpool: http://tuffix-vm:5100 "GET /login?username=fishyfish&password=123456789 HTTP/1.1" 200 4
[2021-11-26 10:52:27,938] DEBUG in urllib3.connectionpool: Starting new HTTP connection (1): localhost:5000
[2021-11-26 10:52:27,939] DEBUG in urllib3.connectionpool: http://localhost:5000 "GET /users HTTP/1.1" 200 25
[2021-11-26 10:52:27,940] DEBUG in urllib3.connectionpool: Starting new HTTP connection (1): tuffix-vm:5100
[2021-11-26 10:52:27,942] DEBUG in urllib3.connectionpool: http://tuffix-vm:5100 "GET /get-following/fishyfish HTTP/1.1" 200 226
[2021-11-26 10:53:54,456] DEBUG in urllib3.connectionpool: Starting new HTTP connection (1): localhost:5000
[2021-11-26 10:53:54,458] DEBUG in urllib3.connectionpool: http://localhost:5000 "POST /register-instance/ HTTP/1.1" 201 4
[2021-11-26 10:53:54,466] DEBUG in urllib3.connectionpool: Starting new HTTP connection (1): localhost:5000
[2021-11-26 10:53:54,468] DEBUG in urllib3.connectionpool: http://localhost:5000 "GET /users HTTP/1.1" 200 25
[2021-11-26 10:53:54,469] DEBUG in urllib3.connectionpool: Starting new HTTP connection (1): tuffix-vm:5100
[2021-11-26 10:53:54,471] DEBUG in urllib3.connectionpool: http://tuffix-vm:5100 "GET /login?username=fishyfish&password=123456789 HTTP/1.1" 200 4
[2021-11-26 10:53:54,475] DEBUG in urllib3.connectionpool: Starting new HTTP connection (1): localhost:5000
[2021-11-26 10:53:54,476] DEBUG in urllib3.connectionpool: http://localhost:5000 "GET /users HTTP/1.1" 200 25
[2021-11-26 10:53:54,477] DEBUG in urllib3.connectionpool: Starting new HTTP connection (1): tuffix-vm:5100
[2021-11-26 10:53:54,479] DEBUG in urllib3.connectionpool: http://tuffix-vm:5100 "GET /get-following/fishyfish HTTP/1.1" 200 226
[2021-11-26 11:05:08,540] DEBUG in urllib3.connectionpool: Starting new HTTP connection (1): localhost:5000
[2021-11-26 11:05:08,542] DEBUG in urllib3.connectionpool: http://localhost:5000 "POST /register-instance/ HTTP/1.1" 201 4
[2021-11-26 11:05:08,550] DEBUG in urllib3.connectionpool: Starting new HTTP connection (1): localhost:5000
[2021-11-26 11:05:08,553] DEBUG in urllib3.connectionpool: http://localhost:5000 "GET /users HTTP/1.1" 200 25
[2021-11-26 11:05:08,555] DEBUG in urllib3.connectionpool: Starting new HTTP connection (1): tuffix-vm:5100
[2021-11-26 11:05:08,556] DEBUG in urllib3.connectionpool: http://tuffix-vm:5100 "GET /login?username=fishyfish&password=123456789 HTTP/1.1" 200 4
[2021-11-26 11:05:08,559] DEBUG in urllib3.connectionpool: Starting new HTTP connection (1): localhost:5000
[2021-11-26 11:05:08,560] DEBUG in urllib3.connectionpool: http://localhost:5000 "GET /users HTTP/1.1" 200 25
[2021-11-26 11:05:08,561] DEBUG in urllib3.connectionpool: Starting new HTTP connection (1): tuffix-vm:5100
[2021-11-26 11:05:08,563] DEBUG in urllib3.connectionpool: http://tuffix-vm:5100 "GET /get-following/fishyfish HTTP/1.1" 200 226
[2021-11-26 11:08:43,636] DEBUG in urllib3.connectionpool: Starting new HTTP connection (1): localhost:5000
[2021-11-26 11:08:43,638] DEBUG in urllib3.connectionpool: http://localhost:5000 "POST /register-instance/ HTTP/1.1" 201 4
[2021-11-26 11:08:43,646] DEBUG in urllib3.connectionpool: Starting new HTTP connection (1): localhost:5000
[2021-11-26 11:08:43,648] DEBUG in urllib3.connectionpool: http://localhost:5000 "GET /users HTTP/1.1" 200 25
[2021-11-26 11:08:43,649] DEBUG in urllib3.connectionpool: Starting new HTTP connection (1): tuffix-vm:5100
[2021-11-26 11:08:43,650] DEBUG in urllib3.connectionpool: http://tuffix-vm:5100 "GET /login?username=fishyfish&password=123456789 HTTP/1.1" 200 4
[2021-11-26 11:08:43,652] DEBUG in urllib3.connectionpool: Starting new HTTP connection (1): localhost:5000
[2021-11-26 11:08:43,653] DEBUG in urllib3.connectionpool: http://localhost:5000 "GET /users HTTP/1.1" 200 25
[2021-11-26 11:08:43,655] DEBUG in urllib3.connectionpool: Starting new HTTP connection (1): tuffix-vm:5100
[2021-11-26 11:08:43,658] DEBUG in urllib3.connectionpool: http://tuffix-vm:5100 "GET /get-following/fishyfish HTTP/1.1" 200 226
[2021-11-26 11:09:32,056] DEBUG in urllib3.connectionpool: Starting new HTTP connection (1): localhost:5000
[2021-11-26 11:09:32,058] DEBUG in urllib3.connectionpool: http://localhost:5000 "POST /register-instance/ HTTP/1.1" 201 4
[2021-11-26 11:09:32,066] DEBUG in urllib3.connectionpool: Starting new HTTP connection (1): localhost:5000
[2021-11-26 11:09:32,068] DEBUG in urllib3.connectionpool: http://localhost:5000 "GET /users HTTP/1.1" 200 25
[2021-11-26 11:09:32,070] DEBUG in urllib3.connectionpool: Starting new HTTP connection (1): tuffix-vm:5100
[2021-11-26 11:09:32,071] DEBUG in urllib3.connectionpool: http://tuffix-vm:5100 "GET /login?username=fishyfish&password=123456789 HTTP/1.1" 200 4
[2021-11-26 11:09:32,075] DEBUG in urllib3.connectionpool: Starting new HTTP connection (1): localhost:5000
[2021-11-26 11:09:32,077] DEBUG in urllib3.connectionpool: http://localhost:5000 "GET /users HTTP/1.1" 200 25
[2021-11-26 11:09:32,078] DEBUG in urllib3.connectionpool: Starting new HTTP connection (1): tuffix-vm:5100
[2021-11-26 11:09:32,080] DEBUG in urllib3.connectionpool: http://tuffix-vm:5100 "GET /get-following/fishyfish HTTP/1.1" 200 226
[2021-11-26 11:10:30,371] DEBUG in urllib3.connectionpool: Starting new HTTP connection (1): localhost:5000
[2021-11-26 11:10:30,372] DEBUG in urllib3.connectionpool: http://localhost:5000 "POST /register-instance/ HTTP/1.1" 201 4
[2021-11-26 11:10:30,381] DEBUG in urllib3.connectionpool: Starting new HTTP connection (1): localhost:5000
[2021-11-26 11:10:30,383] DEBUG in urllib3.connectionpool: http://localhost:5000 "GET /users HTTP/1.1" 200 25
[2021-11-26 11:10:30,385] DEBUG in urllib3.connectionpool: Starting new HTTP connection (1): tuffix-vm:5100
[2021-11-26 11:10:30,387] DEBUG in urllib3.connectionpool: http://tuffix-vm:5100 "GET /login?username=fishyfish&password=123456789 HTTP/1.1" 200 4
[2021-11-26 11:10:30,389] DEBUG in urllib3.connectionpool: Starting new HTTP connection (1): localhost:5000
[2021-11-26 11:10:30,390] DEBUG in urllib3.connectionpool: http://localhost:5000 "GET /users HTTP/1.1" 200 25
[2021-11-26 11:10:30,393] DEBUG in urllib3.connectionpool: Starting new HTTP connection (1): tuffix-vm:5100
[2021-11-26 11:10:30,394] DEBUG in urllib3.connectionpool: http://tuffix-vm:5100 "GET /get-following/fishyfish HTTP/1.1" 200 226
[2021-11-26 11:14:00,243] DEBUG in urllib3.connectionpool: Starting new HTTP connection (1): localhost:5000
[2021-11-26 11:14:00,244] DEBUG in urllib3.connectionpool: http://localhost:5000 "POST /register-instance/ HTTP/1.1" 201 4
[2021-11-26 11:14:00,252] DEBUG in urllib3.connectionpool: Starting new HTTP connection (1): localhost:5000
[2021-11-26 11:14:00,254] DEBUG in urllib3.connectionpool: http://localhost:5000 "GET /users HTTP/1.1" 200 25
[2021-11-26 11:14:00,255] DEBUG in urllib3.connectionpool: Starting new HTTP connection (1): tuffix-vm:5100
[2021-11-26 11:14:00,257] DEBUG in urllib3.connectionpool: http://tuffix-vm:5100 "GET /login?username=fishyfish&password=123456789 HTTP/1.1" 200 4
[2021-11-26 11:14:00,260] DEBUG in urllib3.connectionpool: Starting new HTTP connection (1): localhost:5000
[2021-11-26 11:14:00,262] DEBUG in urllib3.connectionpool: http://localhost:5000 "GET /users HTTP/1.1" 200 25
[2021-11-26 11:14:00,264] DEBUG in urllib3.connectionpool: Starting new HTTP connection (1): tuffix-vm:5100
[2021-11-26 11:14:00,265] DEBUG in urllib3.connectionpool: http://tuffix-vm:5100 "GET /get-following/fishyfish HTTP/1.1" 200 226
[2021-11-26 11:14:52,972] DEBUG in urllib3.connectionpool: Starting new HTTP connection (1): localhost:5000
[2021-11-26 11:14:52,974] DEBUG in urllib3.connectionpool: http://localhost:5000 "POST /register-instance/ HTTP/1.1" 201 4
[2021-11-26 11:14:52,990] DEBUG in urllib3.connectionpool: Starting new HTTP connection (1): localhost:5000
[2021-11-26 11:14:52,992] DEBUG in urllib3.connectionpool: http://localhost:5000 "GET /users HTTP/1.1" 200 25
[2021-11-26 11:14:52,993] DEBUG in urllib3.connectionpool: Starting new HTTP connection (1): tuffix-vm:5100
[2021-11-26 11:14:52,995] DEBUG in urllib3.connectionpool: http://tuffix-vm:5100 "GET /login?username=fishyfish&password=123456789 HTTP/1.1" 200 4
[2021-11-26 11:14:52,996] DEBUG in urllib3.connectionpool: Starting new HTTP connection (1): localhost:5000
[2021-11-26 11:14:52,997] DEBUG in urllib3.connectionpool: http://localhost:5000 "GET /users HTTP/1.1" 200 25
[2021-11-26 11:14:52,999] DEBUG in urllib3.connectionpool: Starting new HTTP connection (1): tuffix-vm:5100
[2021-11-26 11:14:53,000] DEBUG in urllib3.connectionpool: http://tuffix-vm:5100 "GET /get-following/fishyfish HTTP/1.1" 200 226
[2021-11-26 11:21:11,938] DEBUG in urllib3.connectionpool: Starting new HTTP connection (1): localhost:5000
[2021-11-26 11:21:11,940] DEBUG in urllib3.connectionpool: http://localhost:5000 "POST /register-instance/ HTTP/1.1" 201 4
[2021-11-26 11:21:11,948] DEBUG in urllib3.connectionpool: Starting new HTTP connection (1): localhost:5000
[2021-11-26 11:21:11,950] DEBUG in urllib3.connectionpool: http://localhost:5000 "GET /users HTTP/1.1" 200 25
[2021-11-26 11:21:11,952] DEBUG in urllib3.connectionpool: Starting new HTTP connection (1): tuffix-vm:5100
[2021-11-26 11:21:11,953] DEBUG in urllib3.connectionpool: http://tuffix-vm:5100 "GET /login?username=fishyfish&password=123456789 HTTP/1.1" 200 4
[2021-11-26 11:21:11,957] DEBUG in urllib3.connectionpool: Starting new HTTP connection (1): localhost:5000
[2021-11-26 11:21:11,958] DEBUG in urllib3.connectionpool: http://localhost:5000 "GET /users HTTP/1.1" 200 25
[2021-11-26 11:21:11,960] DEBUG in urllib3.connectionpool: Starting new HTTP connection (1): tuffix-vm:5100
[2021-11-26 11:21:11,961] DEBUG in urllib3.connectionpool: http://tuffix-vm:5100 "GET /get-following/fishyfish HTTP/1.1" 200 226
[2021-11-26 11:25:07,940] DEBUG in urllib3.connectionpool: Starting new HTTP connection (1): localhost:5000
[2021-11-26 11:25:07,941] DEBUG in urllib3.connectionpool: http://localhost:5000 "POST /register-instance/ HTTP/1.1" 201 4
[2021-11-26 11:25:07,950] DEBUG in urllib3.connectionpool: Starting new HTTP connection (1): localhost:5000
[2021-11-26 11:25:07,952] DEBUG in urllib3.connectionpool: http://localhost:5000 "GET /users HTTP/1.1" 200 25
[2021-11-26 11:25:07,954] DEBUG in urllib3.connectionpool: Starting new HTTP connection (1): tuffix-vm:5100
[2021-11-26 11:25:07,956] DEBUG in urllib3.connectionpool: http://tuffix-vm:5100 "GET /login?username=fishyfish&password=123456789 HTTP/1.1" 200 4
[2021-11-26 11:25:07,957] DEBUG in urllib3.connectionpool: Starting new HTTP connection (1): localhost:5000
[2021-11-26 11:25:07,958] DEBUG in urllib3.connectionpool: http://localhost:5000 "GET /users HTTP/1.1" 200 25
[2021-11-26 11:25:07,961] DEBUG in urllib3.connectionpool: Starting new HTTP connection (1): tuffix-vm:5100
[2021-11-26 11:25:07,962] DEBUG in urllib3.connectionpool: http://tuffix-vm:5100 "GET /get-following/fishyfish HTTP/1.1" 200 226
